<?xml version="1.0" encoding="UTF-8"?>
<!-- Generated by org.testng.reporters.JUnitReportReporter -->
<testsuite hostname="Abderrahmens-MacBook-Pro.local" failures="0" tests="1" name="package2.ValidatePostRequest" time="8.280" errors="0" timestamp="2023-05-31T13:01:22 EDT" skipped="0">
  <testcase classname="package2.ValidatePostRequest" name="dataBasetesting" time="8.280"/>
  <system-out/>
</testsuite> <!-- package2.ValidatePostRequest -->
