<?xml version="1.0" encoding="UTF-8"?>
<!-- Generated by org.testng.reporters.JUnitReportReporter -->
<testsuite hostname="Abderrahmens-MacBook-Pro.local" failures="0" tests="1" name="package2.TestClass1" time="1.003" errors="0" timestamp="2023-05-30T13:38:22 EDT" skipped="0">
  <testcase classname="package2.TestClass1" name="getTest" time="1.003"/>
  <system-out/>
</testsuite> <!-- package2.TestClass1 -->
