<?xml version="1.0" encoding="UTF-8"?>
<!-- Generated by org.testng.reporters.JUnitReportReporter -->
<testsuite hostname="Abderrahmens-MacBook-Pro.local" failures="0" tests="2" name="myTest.Program1" time="12.893" errors="0" timestamp="2023-05-17T14:53:58 EDT" skipped="0">
  <testcase classname="myTest.Program1" name="VerifyTitle" time="6.859"/>
  <system-out/>
  <testcase classname="myTest.Program1" name="verifylogo" time="6.034"/>
  <system-out/>
</testsuite> <!-- myTest.Program1 -->
