<?xml version="1.0" encoding="UTF-8"?>
<testsuite xmlns:xsi="http://www.w3.org/2001/XMLSchema-instance" xsi:noNamespaceSchemaLocation="https://maven.apache.org/surefire/maven-surefire-plugin/xsd/surefire-test-report.xsd" name="TestSuite" time="215.412" tests="17" errors="0" skipped="14" failures="2">
  <properties>
    <property name="java.specification.version" value="20"/>
    <property name="sun.jnu.encoding" value="UTF-8"/>
    <property name="java.class.path" value="/Users/abderrahmenattia/eclipse-workspace/Preparation_Interview_Dependencies/target/test-classes:/Users/abderrahmenattia/eclipse-workspace/Preparation_Interview_Dependencies/target/classes:/Users/abderrahmenattia/.m2/repository/com/github/ralfstuckert/pdfbox-layout/pdfbox2-layout/1.0.1/pdfbox2-layout-1.0.1.jar:/Users/abderrahmenattia/.m2/repository/org/apache/pdfbox/pdfbox/2.0.4/pdfbox-2.0.4.jar:/Users/abderrahmenattia/.m2/repository/org/apache/pdfbox/fontbox/2.0.4/fontbox-2.0.4.jar:/Library/Java/JavaVirtualMachines/jdk1.8.0_361.jdk/Contents/home/lib/tools.jar:/Users/abderrahmenattia/.m2/repository/org/seleniumhq/selenium/selenium-java/4.8.3/selenium-java-4.8.3.jar:/Users/abderrahmenattia/.m2/repository/org/seleniumhq/selenium/selenium-api/4.8.3/selenium-api-4.8.3.jar:/Users/abderrahmenattia/.m2/repository/org/seleniumhq/selenium/selenium-chrome-driver/4.8.3/selenium-chrome-driver-4.8.3.jar:/Users/abderrahmenattia/.m2/repository/com/google/auto/service/auto-service-annotations/1.0.1/auto-service-annotations-1.0.1.jar:/Users/abderrahmenattia/.m2/repository/com/google/auto/service/auto-service/1.0.1/auto-service-1.0.1.jar:/Users/abderrahmenattia/.m2/repository/com/google/auto/auto-common/1.2/auto-common-1.2.jar:/Users/abderrahmenattia/.m2/repository/com/google/guava/guava/31.1-jre/guava-31.1-jre.jar:/Users/abderrahmenattia/.m2/repository/com/google/guava/failureaccess/1.0.1/failureaccess-1.0.1.jar:/Users/abderrahmenattia/.m2/repository/com/google/guava/listenablefuture/9999.0-empty-to-avoid-conflict-with-guava/listenablefuture-9999.0-empty-to-avoid-conflict-with-guava.jar:/Users/abderrahmenattia/.m2/repository/com/google/code/findbugs/jsr305/3.0.2/jsr305-3.0.2.jar:/Users/abderrahmenattia/.m2/repository/org/checkerframework/checker-qual/3.12.0/checker-qual-3.12.0.jar:/Users/abderrahmenattia/.m2/repository/com/google/errorprone/error_prone_annotations/2.11.0/error_prone_annotations-2.11.0.jar:/Users/abderrahmenattia/.m2/repository/com/google/j2objc/j2objc-annotations/1.3/j2objc-annotations-1.3.jar:/Users/abderrahmenattia/.m2/repository/org/seleniumhq/selenium/selenium-chromium-driver/4.8.3/selenium-chromium-driver-4.8.3.jar:/Users/abderrahmenattia/.m2/repository/org/seleniumhq/selenium/selenium-json/4.8.3/selenium-json-4.8.3.jar:/Users/abderrahmenattia/.m2/repository/org/seleniumhq/selenium/selenium-manager/4.8.3/selenium-manager-4.8.3.jar:/Users/abderrahmenattia/.m2/repository/org/seleniumhq/selenium/selenium-devtools-v109/4.8.3/selenium-devtools-v109-4.8.3.jar:/Users/abderrahmenattia/.m2/repository/org/seleniumhq/selenium/selenium-devtools-v110/4.8.3/selenium-devtools-v110-4.8.3.jar:/Users/abderrahmenattia/.m2/repository/org/seleniumhq/selenium/selenium-devtools-v111/4.8.3/selenium-devtools-v111-4.8.3.jar:/Users/abderrahmenattia/.m2/repository/org/seleniumhq/selenium/selenium-devtools-v85/4.8.3/selenium-devtools-v85-4.8.3.jar:/Users/abderrahmenattia/.m2/repository/org/seleniumhq/selenium/selenium-edge-driver/4.8.3/selenium-edge-driver-4.8.3.jar:/Users/abderrahmenattia/.m2/repository/org/seleniumhq/selenium/selenium-firefox-driver/4.8.3/selenium-firefox-driver-4.8.3.jar:/Users/abderrahmenattia/.m2/repository/org/seleniumhq/selenium/selenium-http/4.8.3/selenium-http-4.8.3.jar:/Users/abderrahmenattia/.m2/repository/dev/failsafe/failsafe/3.3.1/failsafe-3.3.1.jar:/Users/abderrahmenattia/.m2/repository/org/seleniumhq/selenium/selenium-ie-driver/4.8.3/selenium-ie-driver-4.8.3.jar:/Users/abderrahmenattia/.m2/repository/org/seleniumhq/selenium/selenium-remote-driver/4.8.3/selenium-remote-driver-4.8.3.jar:/Users/abderrahmenattia/.m2/repository/io/netty/netty-buffer/4.1.90.Final/netty-buffer-4.1.90.Final.jar:/Users/abderrahmenattia/.m2/repository/io/netty/netty-codec-http/4.1.90.Final/netty-codec-http-4.1.90.Final.jar:/Users/abderrahmenattia/.m2/repository/io/netty/netty-codec/4.1.90.Final/netty-codec-4.1.90.Final.jar:/Users/abderrahmenattia/.m2/repository/io/netty/netty-handler/4.1.90.Final/netty-handler-4.1.90.Final.jar:/Users/abderrahmenattia/.m2/repository/io/netty/netty-common/4.1.90.Final/netty-common-4.1.90.Final.jar:/Users/abderrahmenattia/.m2/repository/io/netty/netty-transport-classes-epoll/4.1.90.Final/netty-transport-classes-epoll-4.1.90.Final.jar:/Users/abderrahmenattia/.m2/repository/io/netty/netty-transport-classes-kqueue/4.1.90.Final/netty-transport-classes-kqueue-4.1.90.Final.jar:/Users/abderrahmenattia/.m2/repository/io/netty/netty-transport-native-epoll/4.1.90.Final/netty-transport-native-epoll-4.1.90.Final.jar:/Users/abderrahmenattia/.m2/repository/io/netty/netty-transport-native-kqueue/4.1.90.Final/netty-transport-native-kqueue-4.1.90.Final.jar:/Users/abderrahmenattia/.m2/repository/io/netty/netty-transport-native-unix-common/4.1.90.Final/netty-transport-native-unix-common-4.1.90.Final.jar:/Users/abderrahmenattia/.m2/repository/io/netty/netty-transport/4.1.90.Final/netty-transport-4.1.90.Final.jar:/Users/abderrahmenattia/.m2/repository/io/netty/netty-resolver/4.1.90.Final/netty-resolver-4.1.90.Final.jar:/Users/abderrahmenattia/.m2/repository/io/opentelemetry/opentelemetry-api/1.24.0/opentelemetry-api-1.24.0.jar:/Users/abderrahmenattia/.m2/repository/io/opentelemetry/opentelemetry-context/1.24.0/opentelemetry-context-1.24.0.jar:/Users/abderrahmenattia/.m2/repository/io/opentelemetry/opentelemetry-exporter-logging/1.24.0/opentelemetry-exporter-logging-1.24.0.jar:/Users/abderrahmenattia/.m2/repository/io/opentelemetry/opentelemetry-sdk-metrics/1.24.0/opentelemetry-sdk-metrics-1.24.0.jar:/Users/abderrahmenattia/.m2/repository/io/opentelemetry/opentelemetry-sdk-logs/1.24.0-alpha/opentelemetry-sdk-logs-1.24.0-alpha.jar:/Users/abderrahmenattia/.m2/repository/io/opentelemetry/opentelemetry-api-logs/1.24.0-alpha/opentelemetry-api-logs-1.24.0-alpha.jar:/Users/abderrahmenattia/.m2/repository/io/opentelemetry/opentelemetry-api-events/1.24.0-alpha/opentelemetry-api-events-1.24.0-alpha.jar:/Users/abderrahmenattia/.m2/repository/io/opentelemetry/opentelemetry-sdk-common/1.24.0/opentelemetry-sdk-common-1.24.0.jar:/Users/abderrahmenattia/.m2/repository/io/opentelemetry/opentelemetry-sdk-extension-autoconfigure-spi/1.24.0/opentelemetry-sdk-extension-autoconfigure-spi-1.24.0.jar:/Users/abderrahmenattia/.m2/repository/io/opentelemetry/opentelemetry-sdk-extension-autoconfigure/1.24.0-alpha/opentelemetry-sdk-extension-autoconfigure-1.24.0-alpha.jar:/Users/abderrahmenattia/.m2/repository/io/opentelemetry/opentelemetry-sdk-trace/1.24.0/opentelemetry-sdk-trace-1.24.0.jar:/Users/abderrahmenattia/.m2/repository/io/opentelemetry/opentelemetry-sdk/1.24.0/opentelemetry-sdk-1.24.0.jar:/Users/abderrahmenattia/.m2/repository/io/opentelemetry/opentelemetry-semconv/1.24.0-alpha/opentelemetry-semconv-1.24.0-alpha.jar:/Users/abderrahmenattia/.m2/repository/io/ous/jtoml/2.0.0/jtoml-2.0.0.jar:/Users/abderrahmenattia/.m2/repository/net/bytebuddy/byte-buddy/1.14.2/byte-buddy-1.14.2.jar:/Users/abderrahmenattia/.m2/repository/org/apache/commons/commons-exec/1.3/commons-exec-1.3.jar:/Users/abderrahmenattia/.m2/repository/org/asynchttpclient/async-http-client/2.12.3/async-http-client-2.12.3.jar:/Users/abderrahmenattia/.m2/repository/org/asynchttpclient/async-http-client-netty-utils/2.12.3/async-http-client-netty-utils-2.12.3.jar:/Users/abderrahmenattia/.m2/repository/io/netty/netty-codec-socks/4.1.60.Final/netty-codec-socks-4.1.60.Final.jar:/Users/abderrahmenattia/.m2/repository/io/netty/netty-handler-proxy/4.1.60.Final/netty-handler-proxy-4.1.60.Final.jar:/Users/abderrahmenattia/.m2/repository/io/netty/netty-transport-native-epoll/4.1.60.Final/netty-transport-native-epoll-4.1.60.Final-linux-x86_64.jar:/Users/abderrahmenattia/.m2/repository/io/netty/netty-transport-native-kqueue/4.1.60.Final/netty-transport-native-kqueue-4.1.60.Final-osx-x86_64.jar:/Users/abderrahmenattia/.m2/repository/com/typesafe/netty/netty-reactive-streams/2.0.4/netty-reactive-streams-2.0.4.jar:/Users/abderrahmenattia/.m2/repository/com/sun/activation/jakarta.activation/1.2.2/jakarta.activation-1.2.2.jar:/Users/abderrahmenattia/.m2/repository/org/seleniumhq/selenium/selenium-safari-driver/4.8.3/selenium-safari-driver-4.8.3.jar:/Users/abderrahmenattia/.m2/repository/org/seleniumhq/selenium/selenium-support/4.8.3/selenium-support-4.8.3.jar:/Users/abderrahmenattia/.m2/repository/org/testng/testng/6.14.3/testng-6.14.3.jar:/Users/abderrahmenattia/.m2/repository/com/beust/jcommander/1.72/jcommander-1.72.jar:/Users/abderrahmenattia/.m2/repository/org/apache-extras/beanshell/bsh/2.0b6/bsh-2.0b6.jar:/Users/abderrahmenattia/.m2/repository/io/appium/java-client/7.5.1/java-client-7.5.1.jar:/Users/abderrahmenattia/.m2/repository/com/google/code/gson/gson/2.8.6/gson-2.8.6.jar:/Users/abderrahmenattia/.m2/repository/org/apache/httpcomponents/httpclient/4.5.13/httpclient-4.5.13.jar:/Users/abderrahmenattia/.m2/repository/org/apache/httpcomponents/httpcore/4.4.13/httpcore-4.4.13.jar:/Users/abderrahmenattia/.m2/repository/cglib/cglib/3.3.0/cglib-3.3.0.jar:/Users/abderrahmenattia/.m2/repository/commons-validator/commons-validator/1.7/commons-validator-1.7.jar:/Users/abderrahmenattia/.m2/repository/commons-beanutils/commons-beanutils/1.9.4/commons-beanutils-1.9.4.jar:/Users/abderrahmenattia/.m2/repository/commons-digester/commons-digester/2.1/commons-digester-2.1.jar:/Users/abderrahmenattia/.m2/repository/org/apache/commons/commons-lang3/3.12.0/commons-lang3-3.12.0.jar:/Users/abderrahmenattia/.m2/repository/org/springframework/spring-context/5.3.4/spring-context-5.3.4.jar:/Users/abderrahmenattia/.m2/repository/org/springframework/spring-aop/5.3.4/spring-aop-5.3.4.jar:/Users/abderrahmenattia/.m2/repository/org/springframework/spring-beans/5.3.4/spring-beans-5.3.4.jar:/Users/abderrahmenattia/.m2/repository/org/springframework/spring-core/5.3.4/spring-core-5.3.4.jar:/Users/abderrahmenattia/.m2/repository/org/springframework/spring-jcl/5.3.4/spring-jcl-5.3.4.jar:/Users/abderrahmenattia/.m2/repository/org/springframework/spring-expression/5.3.4/spring-expression-5.3.4.jar:/Users/abderrahmenattia/.m2/repository/org/aspectj/aspectjweaver/1.9.6/aspectjweaver-1.9.6.jar:/Users/abderrahmenattia/.m2/repository/org/slf4j/slf4j-api/1.7.30/slf4j-api-1.7.30.jar:/Users/abderrahmenattia/.m2/repository/io/github/bonigarcia/webdrivermanager/5.2.1/webdrivermanager-5.2.1.jar:/Users/abderrahmenattia/.m2/repository/com/github/docker-java/docker-java/3.2.13/docker-java-3.2.13.jar:/Users/abderrahmenattia/.m2/repository/com/github/docker-java/docker-java-core/3.2.13/docker-java-core-3.2.13.jar:/Users/abderrahmenattia/.m2/repository/com/github/docker-java/docker-java-api/3.2.13/docker-java-api-3.2.13.jar:/Users/abderrahmenattia/.m2/repository/org/bouncycastle/bcpkix-jdk15on/1.64/bcpkix-jdk15on-1.64.jar:/Users/abderrahmenattia/.m2/repository/org/bouncycastle/bcprov-jdk15on/1.64/bcprov-jdk15on-1.64.jar:/Users/abderrahmenattia/.m2/repository/org/slf4j/jcl-over-slf4j/1.7.30/jcl-over-slf4j-1.7.30.jar:/Users/abderrahmenattia/.m2/repository/com/github/docker-java/docker-java-transport-httpclient5/3.2.13/docker-java-transport-httpclient5-3.2.13.jar:/Users/abderrahmenattia/.m2/repository/com/github/docker-java/docker-java-transport/3.2.13/docker-java-transport-3.2.13.jar:/Users/abderrahmenattia/.m2/repository/net/java/dev/jna/jna/5.8.0/jna-5.8.0.jar:/Users/abderrahmenattia/.m2/repository/org/brotli/dec/0.1.2/dec-0.1.2.jar:/Users/abderrahmenattia/.m2/repository/org/apache/httpcomponents/client5/httpclient5/5.1.3/httpclient5-5.1.3.jar:/Users/abderrahmenattia/.m2/repository/org/apache/httpcomponents/core5/httpcore5/5.1.3/httpcore5-5.1.3.jar:/Users/abderrahmenattia/.m2/repository/org/apache/httpcomponents/core5/httpcore5-h2/5.1.3/httpcore5-h2-5.1.3.jar:/Users/abderrahmenattia/.m2/repository/io/cucumber/cucumber-core/6.10.4/cucumber-core-6.10.4.jar:/Users/abderrahmenattia/.m2/repository/io/cucumber/cucumber-gherkin/6.10.4/cucumber-gherkin-6.10.4.jar:/Users/abderrahmenattia/.m2/repository/io/cucumber/cucumber-gherkin-messages/6.10.4/cucumber-gherkin-messages-6.10.4.jar:/Users/abderrahmenattia/.m2/repository/io/cucumber/messages/15.0.0/messages-15.0.0.jar:/Users/abderrahmenattia/.m2/repository/io/cucumber/tag-expressions/3.0.1/tag-expressions-3.0.1.jar:/Users/abderrahmenattia/.m2/repository/io/cucumber/cucumber-expressions/10.3.0/cucumber-expressions-10.3.0.jar:/Users/abderrahmenattia/.m2/repository/io/cucumber/datatable/3.5.0/datatable-3.5.0.jar:/Users/abderrahmenattia/.m2/repository/io/cucumber/cucumber-plugin/6.10.4/cucumber-plugin-6.10.4.jar:/Users/abderrahmenattia/.m2/repository/io/cucumber/docstring/6.10.4/docstring-6.10.4.jar:/Users/abderrahmenattia/.m2/repository/io/cucumber/html-formatter/13.0.0/html-formatter-13.0.0.jar:/Users/abderrahmenattia/.m2/repository/io/cucumber/create-meta/4.0.0/create-meta-4.0.0.jar:/Users/abderrahmenattia/.m2/repository/org/apiguardian/apiguardian-api/1.1.1/apiguardian-api-1.1.1.jar:/Users/abderrahmenattia/.m2/repository/io/cucumber/cucumber-java/6.10.4/cucumber-java-6.10.4.jar:/Users/abderrahmenattia/.m2/repository/io/cucumber/cucumber-junit/6.10.4/cucumber-junit-6.10.4.jar:/Users/abderrahmenattia/.m2/repository/org/apache/maven/plugins/maven-surefire-plugin/3.0.0/maven-surefire-plugin-3.0.0.jar:/Users/abderrahmenattia/.m2/repository/org/apache/maven/surefire/maven-surefire-common/3.0.0/maven-surefire-common-3.0.0.jar:/Users/abderrahmenattia/.m2/repository/org/apache/maven/surefire/surefire-api/3.0.0/surefire-api-3.0.0.jar:/Users/abderrahmenattia/.m2/repository/org/apache/maven/surefire/surefire-logger-api/3.0.0/surefire-logger-api-3.0.0.jar:/Users/abderrahmenattia/.m2/repository/org/apache/maven/surefire/surefire-extensions-api/3.0.0/surefire-extensions-api-3.0.0.jar:/Users/abderrahmenattia/.m2/repository/org/apache/maven/surefire/surefire-booter/3.0.0/surefire-booter-3.0.0.jar:/Users/abderrahmenattia/.m2/repository/org/apache/maven/surefire/surefire-extensions-spi/3.0.0/surefire-extensions-spi-3.0.0.jar:/Users/abderrahmenattia/.m2/repository/org/eclipse/aether/aether-util/1.0.0.v20140518/aether-util-1.0.0.v20140518.jar:/Users/abderrahmenattia/.m2/repository/org/eclipse/aether/aether-api/1.0.0.v20140518/aether-api-1.0.0.v20140518.jar:/Users/abderrahmenattia/.m2/repository/org/apache/maven/shared/maven-common-artifact-filters/3.1.1/maven-common-artifact-filters-3.1.1.jar:/Users/abderrahmenattia/.m2/repository/org/apache/maven/maven-artifact/3.1.0/maven-artifact-3.1.0.jar:/Users/abderrahmenattia/.m2/repository/org/apache/maven/maven-core/3.1.0/maven-core-3.1.0.jar:/Users/abderrahmenattia/.m2/repository/org/apache/maven/maven-settings/3.1.0/maven-settings-3.1.0.jar:/Users/abderrahmenattia/.m2/repository/org/apache/maven/maven-settings-builder/3.1.0/maven-settings-builder-3.1.0.jar:/Users/abderrahmenattia/.m2/repository/org/apache/maven/maven-repository-metadata/3.1.0/maven-repository-metadata-3.1.0.jar:/Users/abderrahmenattia/.m2/repository/org/apache/maven/maven-model-builder/3.1.0/maven-model-builder-3.1.0.jar:/Users/abderrahmenattia/.m2/repository/org/apache/maven/maven-aether-provider/3.1.0/maven-aether-provider-3.1.0.jar:/Users/abderrahmenattia/.m2/repository/org/eclipse/aether/aether-spi/0.9.0.M2/aether-spi-0.9.0.M2.jar:/Users/abderrahmenattia/.m2/repository/org/eclipse/aether/aether-impl/0.9.0.M2/aether-impl-0.9.0.M2.jar:/Users/abderrahmenattia/.m2/repository/org/eclipse/sisu/org.eclipse.sisu.plexus/0.0.0.M2a/org.eclipse.sisu.plexus-0.0.0.M2a.jar:/Users/abderrahmenattia/.m2/repository/javax/enterprise/cdi-api/1.0/cdi-api-1.0.jar:/Users/abderrahmenattia/.m2/repository/javax/annotation/jsr250-api/1.0/jsr250-api-1.0.jar:/Users/abderrahmenattia/.m2/repository/javax/inject/javax.inject/1/javax.inject-1.jar:/Users/abderrahmenattia/.m2/repository/org/sonatype/sisu/sisu-guice/3.1.0/sisu-guice-3.1.0-no_aop.jar:/Users/abderrahmenattia/.m2/repository/aopalliance/aopalliance/1.0/aopalliance-1.0.jar:/Users/abderrahmenattia/.m2/repository/org/eclipse/sisu/org.eclipse.sisu.inject/0.0.0.M2a/org.eclipse.sisu.inject-0.0.0.M2a.jar:/Users/abderrahmenattia/.m2/repository/asm/asm/3.3.1/asm-3.3.1.jar:/Users/abderrahmenattia/.m2/repository/org/codehaus/plexus/plexus-interpolation/1.16/plexus-interpolation-1.16.jar:/Users/abderrahmenattia/.m2/repository/org/codehaus/plexus/plexus-classworlds/2.4.2/plexus-classworlds-2.4.2.jar:/Users/abderrahmenattia/.m2/repository/org/codehaus/plexus/plexus-component-annotations/1.5.5/plexus-component-annotations-1.5.5.jar:/Users/abderrahmenattia/.m2/repository/org/sonatype/plexus/plexus-sec-dispatcher/1.3/plexus-sec-dispatcher-1.3.jar:/Users/abderrahmenattia/.m2/repository/org/sonatype/plexus/plexus-cipher/1.4/plexus-cipher-1.4.jar:/Users/abderrahmenattia/.m2/repository/org/apache/maven/maven-plugin-api/3.1.0/maven-plugin-api-3.1.0.jar:/Users/abderrahmenattia/.m2/repository/org/codehaus/plexus/plexus-java/1.1.2/plexus-java-1.1.2.jar:/Users/abderrahmenattia/.m2/repository/com/thoughtworks/qdox/qdox/2.0.3/qdox-2.0.3.jar:/Users/abderrahmenattia/.m2/repository/org/apache/maven/surefire/surefire-shared-utils/3.0.0/surefire-shared-utils-3.0.0.jar:/Users/abderrahmenattia/.m2/repository/io/cucumber/cucumber-testng/6.10.4/cucumber-testng-6.10.4.jar:/Users/abderrahmenattia/.m2/repository/io/cucumber/cucumber-jvm-deps/1.0.6/cucumber-jvm-deps-1.0.6.jar:/Users/abderrahmenattia/.m2/repository/net/masterthought/cucumber-reporting/5.5.3/cucumber-reporting-5.5.3.jar:/Users/abderrahmenattia/.m2/repository/com/fasterxml/jackson/core/jackson-databind/2.12.1/jackson-databind-2.12.1.jar:/Users/abderrahmenattia/.m2/repository/com/fasterxml/jackson/core/jackson-annotations/2.12.1/jackson-annotations-2.12.1.jar:/Users/abderrahmenattia/.m2/repository/com/fasterxml/jackson/core/jackson-core/2.12.1/jackson-core-2.12.1.jar:/Users/abderrahmenattia/.m2/repository/com/fasterxml/jackson/datatype/jackson-datatype-jsr310/2.12.1/jackson-datatype-jsr310-2.12.1.jar:/Users/abderrahmenattia/.m2/repository/org/apache/velocity/velocity-engine-core/2.2/velocity-engine-core-2.2.jar:/Users/abderrahmenattia/.m2/repository/commons-collections/commons-collections/3.2.2/commons-collections-3.2.2.jar:/Users/abderrahmenattia/.m2/repository/joda-time/joda-time/2.10.9/joda-time-2.10.9.jar:/Users/abderrahmenattia/.m2/repository/org/codehaus/plexus/plexus-utils/3.3.0/plexus-utils-3.3.0.jar:/Users/abderrahmenattia/.m2/repository/org/jsoup/jsoup/1.13.1/jsoup-1.13.1.jar:/Users/abderrahmenattia/.m2/repository/com/googlecode/owasp-java-html-sanitizer/owasp-java-html-sanitizer/20200713.1/owasp-java-html-sanitizer-20200713.1.jar:/Users/abderrahmenattia/.m2/repository/commons-configuration/commons-configuration/1.10/commons-configuration-1.10.jar:/Users/abderrahmenattia/.m2/repository/commons-lang/commons-lang/2.6/commons-lang-2.6.jar:/Users/abderrahmenattia/.m2/repository/org/hamcrest/hamcrest-core/2.2/hamcrest-core-2.2.jar:/Users/abderrahmenattia/.m2/repository/org/hamcrest/hamcrest/2.2/hamcrest-2.2.jar:/Users/abderrahmenattia/.m2/repository/io/cucumber/gherkin/5.1.0/gherkin-5.1.0.jar:/Users/abderrahmenattia/.m2/repository/io/cucumber/gherkin-jvm-deps/1.0.4/gherkin-jvm-deps-1.0.4.jar:/Users/abderrahmenattia/.m2/repository/net/sourceforge/cobertura/cobertura/2.1.1/cobertura-2.1.1.jar:/Users/abderrahmenattia/.m2/repository/org/ow2/asm/asm/5.0.1/asm-5.0.1.jar:/Users/abderrahmenattia/.m2/repository/org/ow2/asm/asm-tree/5.0.1/asm-tree-5.0.1.jar:/Users/abderrahmenattia/.m2/repository/org/ow2/asm/asm-commons/5.0.1/asm-commons-5.0.1.jar:/Users/abderrahmenattia/.m2/repository/org/ow2/asm/asm-util/5.0.1/asm-util-5.0.1.jar:/Users/abderrahmenattia/.m2/repository/org/ow2/asm/asm-analysis/5.0.1/asm-analysis-5.0.1.jar:/Users/abderrahmenattia/.m2/repository/oro/oro/2.0.8/oro-2.0.8.jar:/Users/abderrahmenattia/.m2/repository/jaxen/jaxen/1.1.4/jaxen-1.1.4.jar:/Users/abderrahmenattia/.m2/repository/org/apache/ant/ant/1.8.3/ant-1.8.3.jar:/Users/abderrahmenattia/.m2/repository/org/apache/ant/ant-launcher/1.8.3/ant-launcher-1.8.3.jar:/Users/abderrahmenattia/.m2/repository/org/apache/ant/ant-junit/1.8.3/ant-junit-1.8.3.jar:/Users/abderrahmenattia/.m2/repository/org/mortbay/jetty/servlet-api-2.5/6.1.14/servlet-api-2.5-6.1.14.jar:/Users/abderrahmenattia/.m2/repository/org/mortbay/jetty/jetty/6.1.14/jetty-6.1.14.jar:/Users/abderrahmenattia/.m2/repository/org/mortbay/jetty/jetty-util/6.1.14/jetty-util-6.1.14.jar:/Users/abderrahmenattia/.m2/repository/ch/qos/logback/logback-classic/1.0.13/logback-classic-1.0.13.jar:/Users/abderrahmenattia/.m2/repository/ch/qos/logback/logback-core/1.0.13/logback-core-1.0.13.jar:/Users/abderrahmenattia/.m2/repository/junit/junit/4.11/junit-4.11.jar:/Users/abderrahmenattia/.m2/repository/org/apache/poi/poi-ooxml/4.1.1/poi-ooxml-4.1.1.jar:/Users/abderrahmenattia/.m2/repository/org/apache/commons/commons-compress/1.19/commons-compress-1.19.jar:/Users/abderrahmenattia/.m2/repository/com/github/virtuald/curvesapi/1.06/curvesapi-1.06.jar:/Users/abderrahmenattia/.m2/repository/org/apache/poi/poi/4.1.1/poi-4.1.1.jar:/Users/abderrahmenattia/.m2/repository/commons-codec/commons-codec/1.13/commons-codec-1.13.jar:/Users/abderrahmenattia/.m2/repository/org/apache/commons/commons-collections4/4.4/commons-collections4-4.4.jar:/Users/abderrahmenattia/.m2/repository/org/apache/commons/commons-math3/3.6.1/commons-math3-3.6.1.jar:/Users/abderrahmenattia/.m2/repository/org/apache/poi/poi-ooxml-schemas/4.1.1/poi-ooxml-schemas-4.1.1.jar:/Users/abderrahmenattia/.m2/repository/org/apache/xmlbeans/xmlbeans/3.1.0/xmlbeans-3.1.0.jar:/Users/abderrahmenattia/.m2/repository/commons-io/commons-io/2.6/commons-io-2.6.jar:/Users/abderrahmenattia/.m2/repository/org/apache/httpcomponents/fluent-hc/4.5.13/fluent-hc-4.5.13.jar:/Users/abderrahmenattia/.m2/repository/commons-logging/commons-logging/1.2/commons-logging-1.2.jar:/Users/abderrahmenattia/.m2/repository/com/aventstack/extentreports/5.0.9/extentreports-5.0.9.jar:/Users/abderrahmenattia/.m2/repository/io/reactivex/rxjava3/rxjava/3.0.4/rxjava-3.0.4.jar:/Users/abderrahmenattia/.m2/repository/org/reactivestreams/reactive-streams/1.0.3/reactive-streams-1.0.3.jar:/Users/abderrahmenattia/.m2/repository/org/freemarker/freemarker/2.3.30/freemarker-2.3.30.jar:/Users/abderrahmenattia/.m2/repository/org/projectlombok/lombok/1.18.12/lombok-1.18.12.jar:/Users/abderrahmenattia/.m2/repository/org/apache/poi/poi-scratchpad/4.1.1/poi-scratchpad-4.1.1.jar:/Users/abderrahmenattia/.m2/repository/org/apache/poi/openxml4j/1.0-beta/openxml4j-1.0-beta.jar:/Users/abderrahmenattia/.m2/repository/dom4j/dom4j/1.6.1/dom4j-1.6.1.jar:/Users/abderrahmenattia/.m2/repository/xml-apis/xml-apis/1.0.b2/xml-apis-1.0.b2.jar:/Users/abderrahmenattia/.m2/repository/log4j/log4j/1.2.8/log4j-1.2.8.jar:/Users/abderrahmenattia/.m2/repository/com/googlecode/json-simple/json-simple/1.1.1/json-simple-1.1.1.jar:/Users/abderrahmenattia/.m2/repository/com/github/ralfstuckert/pdfbox-layout/pdfbox1-layout/1.0.0/pdfbox1-layout-1.0.0.jar:/Users/abderrahmenattia/.m2/repository/tech/grasshopper/extentreports-cucumber6-adapter/2.6.0/extentreports-cucumber6-adapter-2.6.0.jar:/Users/abderrahmenattia/.m2/repository/tech/grasshopper/extent-pdf-report/1.5.0/extent-pdf-report-1.5.0.jar:/Users/abderrahmenattia/.m2/repository/tech/grasshopper/cucumber-pdf-report/1.7.0/cucumber-pdf-report-1.7.0.jar:/Users/abderrahmenattia/.m2/repository/org/knowm/xchart/xchart/3.6.5/xchart-3.6.5.jar:/Users/abderrahmenattia/.m2/repository/de/erichseifert/vectorgraphics2d/VectorGraphics2D/0.13/VectorGraphics2D-0.13.jar:/Users/abderrahmenattia/.m2/repository/de/rototor/pdfbox/graphics2d/0.27/graphics2d-0.27.jar:/Users/abderrahmenattia/.m2/repository/com/madgag/animated-gif-lib/1.4/animated-gif-lib-1.4.jar:/Users/abderrahmenattia/.m2/repository/com/github/vandeseer/easytable/0.7.1/easytable-0.7.1.jar:/Users/abderrahmenattia/.m2/repository/org/yaml/snakeyaml/1.27/snakeyaml-1.27.jar:/Users/abderrahmenattia/.m2/repository/com/aventstack/klov-reporter/5.0.5/klov-reporter-5.0.5.jar:/Users/abderrahmenattia/.m2/repository/org/mongodb/bson/3.6.4/bson-3.6.4.jar:/Users/abderrahmenattia/.m2/repository/org/apache/httpcomponents/httpmime/4.5.2/httpmime-4.5.2.jar:/Users/abderrahmenattia/.m2/repository/org/mongodb/mongodb-driver/3.3.0/mongodb-driver-3.3.0.jar:/Users/abderrahmenattia/.m2/repository/org/mongodb/mongodb-driver-core/3.3.0/mongodb-driver-core-3.3.0.jar:"/>
    <property name="java.vm.vendor" value="Homebrew"/>
    <property name="sun.arch.data.model" value="64"/>
    <property name="java.vendor.url" value="https://github.com/Homebrew/homebrew-core/issues"/>
    <property name="os.name" value="Mac OS X"/>
    <property name="java.vm.specification.version" value="20"/>
    <property name="sun.java.launcher" value="SUN_STANDARD"/>
    <property name="user.country" value="US"/>
    <property name="sun.boot.library.path" value="/usr/local/Cellar/openjdk/20/libexec/openjdk.jdk/Contents/Home/lib"/>
    <property name="sun.java.command" value="/Users/abderrahmenattia/eclipse-workspace/Preparation_Interview_Dependencies/target/surefire/surefirebooter15553991670393783549.jar /Users/abderrahmenattia/eclipse-workspace/Preparation_Interview_Dependencies/target/surefire 2023-04-19T10-46-24_251-jvmRun1 surefire15956878869475577157tmp surefire_011762920436505292807tmp"/>
    <property name="http.nonProxyHosts" value="local|*.local|169.254/16|*.169.254/16"/>
    <property name="jdk.debug" value="release"/>
    <property name="surefire.test.class.path" value="/Users/abderrahmenattia/eclipse-workspace/Preparation_Interview_Dependencies/target/test-classes:/Users/abderrahmenattia/eclipse-workspace/Preparation_Interview_Dependencies/target/classes:/Users/abderrahmenattia/.m2/repository/com/github/ralfstuckert/pdfbox-layout/pdfbox2-layout/1.0.1/pdfbox2-layout-1.0.1.jar:/Users/abderrahmenattia/.m2/repository/org/apache/pdfbox/pdfbox/2.0.4/pdfbox-2.0.4.jar:/Users/abderrahmenattia/.m2/repository/org/apache/pdfbox/fontbox/2.0.4/fontbox-2.0.4.jar:/Library/Java/JavaVirtualMachines/jdk1.8.0_361.jdk/Contents/home/lib/tools.jar:/Users/abderrahmenattia/.m2/repository/org/seleniumhq/selenium/selenium-java/4.8.3/selenium-java-4.8.3.jar:/Users/abderrahmenattia/.m2/repository/org/seleniumhq/selenium/selenium-api/4.8.3/selenium-api-4.8.3.jar:/Users/abderrahmenattia/.m2/repository/org/seleniumhq/selenium/selenium-chrome-driver/4.8.3/selenium-chrome-driver-4.8.3.jar:/Users/abderrahmenattia/.m2/repository/com/google/auto/service/auto-service-annotations/1.0.1/auto-service-annotations-1.0.1.jar:/Users/abderrahmenattia/.m2/repository/com/google/auto/service/auto-service/1.0.1/auto-service-1.0.1.jar:/Users/abderrahmenattia/.m2/repository/com/google/auto/auto-common/1.2/auto-common-1.2.jar:/Users/abderrahmenattia/.m2/repository/com/google/guava/guava/31.1-jre/guava-31.1-jre.jar:/Users/abderrahmenattia/.m2/repository/com/google/guava/failureaccess/1.0.1/failureaccess-1.0.1.jar:/Users/abderrahmenattia/.m2/repository/com/google/guava/listenablefuture/9999.0-empty-to-avoid-conflict-with-guava/listenablefuture-9999.0-empty-to-avoid-conflict-with-guava.jar:/Users/abderrahmenattia/.m2/repository/com/google/code/findbugs/jsr305/3.0.2/jsr305-3.0.2.jar:/Users/abderrahmenattia/.m2/repository/org/checkerframework/checker-qual/3.12.0/checker-qual-3.12.0.jar:/Users/abderrahmenattia/.m2/repository/com/google/errorprone/error_prone_annotations/2.11.0/error_prone_annotations-2.11.0.jar:/Users/abderrahmenattia/.m2/repository/com/google/j2objc/j2objc-annotations/1.3/j2objc-annotations-1.3.jar:/Users/abderrahmenattia/.m2/repository/org/seleniumhq/selenium/selenium-chromium-driver/4.8.3/selenium-chromium-driver-4.8.3.jar:/Users/abderrahmenattia/.m2/repository/org/seleniumhq/selenium/selenium-json/4.8.3/selenium-json-4.8.3.jar:/Users/abderrahmenattia/.m2/repository/org/seleniumhq/selenium/selenium-manager/4.8.3/selenium-manager-4.8.3.jar:/Users/abderrahmenattia/.m2/repository/org/seleniumhq/selenium/selenium-devtools-v109/4.8.3/selenium-devtools-v109-4.8.3.jar:/Users/abderrahmenattia/.m2/repository/org/seleniumhq/selenium/selenium-devtools-v110/4.8.3/selenium-devtools-v110-4.8.3.jar:/Users/abderrahmenattia/.m2/repository/org/seleniumhq/selenium/selenium-devtools-v111/4.8.3/selenium-devtools-v111-4.8.3.jar:/Users/abderrahmenattia/.m2/repository/org/seleniumhq/selenium/selenium-devtools-v85/4.8.3/selenium-devtools-v85-4.8.3.jar:/Users/abderrahmenattia/.m2/repository/org/seleniumhq/selenium/selenium-edge-driver/4.8.3/selenium-edge-driver-4.8.3.jar:/Users/abderrahmenattia/.m2/repository/org/seleniumhq/selenium/selenium-firefox-driver/4.8.3/selenium-firefox-driver-4.8.3.jar:/Users/abderrahmenattia/.m2/repository/org/seleniumhq/selenium/selenium-http/4.8.3/selenium-http-4.8.3.jar:/Users/abderrahmenattia/.m2/repository/dev/failsafe/failsafe/3.3.1/failsafe-3.3.1.jar:/Users/abderrahmenattia/.m2/repository/org/seleniumhq/selenium/selenium-ie-driver/4.8.3/selenium-ie-driver-4.8.3.jar:/Users/abderrahmenattia/.m2/repository/org/seleniumhq/selenium/selenium-remote-driver/4.8.3/selenium-remote-driver-4.8.3.jar:/Users/abderrahmenattia/.m2/repository/io/netty/netty-buffer/4.1.90.Final/netty-buffer-4.1.90.Final.jar:/Users/abderrahmenattia/.m2/repository/io/netty/netty-codec-http/4.1.90.Final/netty-codec-http-4.1.90.Final.jar:/Users/abderrahmenattia/.m2/repository/io/netty/netty-codec/4.1.90.Final/netty-codec-4.1.90.Final.jar:/Users/abderrahmenattia/.m2/repository/io/netty/netty-handler/4.1.90.Final/netty-handler-4.1.90.Final.jar:/Users/abderrahmenattia/.m2/repository/io/netty/netty-common/4.1.90.Final/netty-common-4.1.90.Final.jar:/Users/abderrahmenattia/.m2/repository/io/netty/netty-transport-classes-epoll/4.1.90.Final/netty-transport-classes-epoll-4.1.90.Final.jar:/Users/abderrahmenattia/.m2/repository/io/netty/netty-transport-classes-kqueue/4.1.90.Final/netty-transport-classes-kqueue-4.1.90.Final.jar:/Users/abderrahmenattia/.m2/repository/io/netty/netty-transport-native-epoll/4.1.90.Final/netty-transport-native-epoll-4.1.90.Final.jar:/Users/abderrahmenattia/.m2/repository/io/netty/netty-transport-native-kqueue/4.1.90.Final/netty-transport-native-kqueue-4.1.90.Final.jar:/Users/abderrahmenattia/.m2/repository/io/netty/netty-transport-native-unix-common/4.1.90.Final/netty-transport-native-unix-common-4.1.90.Final.jar:/Users/abderrahmenattia/.m2/repository/io/netty/netty-transport/4.1.90.Final/netty-transport-4.1.90.Final.jar:/Users/abderrahmenattia/.m2/repository/io/netty/netty-resolver/4.1.90.Final/netty-resolver-4.1.90.Final.jar:/Users/abderrahmenattia/.m2/repository/io/opentelemetry/opentelemetry-api/1.24.0/opentelemetry-api-1.24.0.jar:/Users/abderrahmenattia/.m2/repository/io/opentelemetry/opentelemetry-context/1.24.0/opentelemetry-context-1.24.0.jar:/Users/abderrahmenattia/.m2/repository/io/opentelemetry/opentelemetry-exporter-logging/1.24.0/opentelemetry-exporter-logging-1.24.0.jar:/Users/abderrahmenattia/.m2/repository/io/opentelemetry/opentelemetry-sdk-metrics/1.24.0/opentelemetry-sdk-metrics-1.24.0.jar:/Users/abderrahmenattia/.m2/repository/io/opentelemetry/opentelemetry-sdk-logs/1.24.0-alpha/opentelemetry-sdk-logs-1.24.0-alpha.jar:/Users/abderrahmenattia/.m2/repository/io/opentelemetry/opentelemetry-api-logs/1.24.0-alpha/opentelemetry-api-logs-1.24.0-alpha.jar:/Users/abderrahmenattia/.m2/repository/io/opentelemetry/opentelemetry-api-events/1.24.0-alpha/opentelemetry-api-events-1.24.0-alpha.jar:/Users/abderrahmenattia/.m2/repository/io/opentelemetry/opentelemetry-sdk-common/1.24.0/opentelemetry-sdk-common-1.24.0.jar:/Users/abderrahmenattia/.m2/repository/io/opentelemetry/opentelemetry-sdk-extension-autoconfigure-spi/1.24.0/opentelemetry-sdk-extension-autoconfigure-spi-1.24.0.jar:/Users/abderrahmenattia/.m2/repository/io/opentelemetry/opentelemetry-sdk-extension-autoconfigure/1.24.0-alpha/opentelemetry-sdk-extension-autoconfigure-1.24.0-alpha.jar:/Users/abderrahmenattia/.m2/repository/io/opentelemetry/opentelemetry-sdk-trace/1.24.0/opentelemetry-sdk-trace-1.24.0.jar:/Users/abderrahmenattia/.m2/repository/io/opentelemetry/opentelemetry-sdk/1.24.0/opentelemetry-sdk-1.24.0.jar:/Users/abderrahmenattia/.m2/repository/io/opentelemetry/opentelemetry-semconv/1.24.0-alpha/opentelemetry-semconv-1.24.0-alpha.jar:/Users/abderrahmenattia/.m2/repository/io/ous/jtoml/2.0.0/jtoml-2.0.0.jar:/Users/abderrahmenattia/.m2/repository/net/bytebuddy/byte-buddy/1.14.2/byte-buddy-1.14.2.jar:/Users/abderrahmenattia/.m2/repository/org/apache/commons/commons-exec/1.3/commons-exec-1.3.jar:/Users/abderrahmenattia/.m2/repository/org/asynchttpclient/async-http-client/2.12.3/async-http-client-2.12.3.jar:/Users/abderrahmenattia/.m2/repository/org/asynchttpclient/async-http-client-netty-utils/2.12.3/async-http-client-netty-utils-2.12.3.jar:/Users/abderrahmenattia/.m2/repository/io/netty/netty-codec-socks/4.1.60.Final/netty-codec-socks-4.1.60.Final.jar:/Users/abderrahmenattia/.m2/repository/io/netty/netty-handler-proxy/4.1.60.Final/netty-handler-proxy-4.1.60.Final.jar:/Users/abderrahmenattia/.m2/repository/io/netty/netty-transport-native-epoll/4.1.60.Final/netty-transport-native-epoll-4.1.60.Final-linux-x86_64.jar:/Users/abderrahmenattia/.m2/repository/io/netty/netty-transport-native-kqueue/4.1.60.Final/netty-transport-native-kqueue-4.1.60.Final-osx-x86_64.jar:/Users/abderrahmenattia/.m2/repository/com/typesafe/netty/netty-reactive-streams/2.0.4/netty-reactive-streams-2.0.4.jar:/Users/abderrahmenattia/.m2/repository/com/sun/activation/jakarta.activation/1.2.2/jakarta.activation-1.2.2.jar:/Users/abderrahmenattia/.m2/repository/org/seleniumhq/selenium/selenium-safari-driver/4.8.3/selenium-safari-driver-4.8.3.jar:/Users/abderrahmenattia/.m2/repository/org/seleniumhq/selenium/selenium-support/4.8.3/selenium-support-4.8.3.jar:/Users/abderrahmenattia/.m2/repository/org/testng/testng/6.14.3/testng-6.14.3.jar:/Users/abderrahmenattia/.m2/repository/com/beust/jcommander/1.72/jcommander-1.72.jar:/Users/abderrahmenattia/.m2/repository/org/apache-extras/beanshell/bsh/2.0b6/bsh-2.0b6.jar:/Users/abderrahmenattia/.m2/repository/io/appium/java-client/7.5.1/java-client-7.5.1.jar:/Users/abderrahmenattia/.m2/repository/com/google/code/gson/gson/2.8.6/gson-2.8.6.jar:/Users/abderrahmenattia/.m2/repository/org/apache/httpcomponents/httpclient/4.5.13/httpclient-4.5.13.jar:/Users/abderrahmenattia/.m2/repository/org/apache/httpcomponents/httpcore/4.4.13/httpcore-4.4.13.jar:/Users/abderrahmenattia/.m2/repository/cglib/cglib/3.3.0/cglib-3.3.0.jar:/Users/abderrahmenattia/.m2/repository/commons-validator/commons-validator/1.7/commons-validator-1.7.jar:/Users/abderrahmenattia/.m2/repository/commons-beanutils/commons-beanutils/1.9.4/commons-beanutils-1.9.4.jar:/Users/abderrahmenattia/.m2/repository/commons-digester/commons-digester/2.1/commons-digester-2.1.jar:/Users/abderrahmenattia/.m2/repository/org/apache/commons/commons-lang3/3.12.0/commons-lang3-3.12.0.jar:/Users/abderrahmenattia/.m2/repository/org/springframework/spring-context/5.3.4/spring-context-5.3.4.jar:/Users/abderrahmenattia/.m2/repository/org/springframework/spring-aop/5.3.4/spring-aop-5.3.4.jar:/Users/abderrahmenattia/.m2/repository/org/springframework/spring-beans/5.3.4/spring-beans-5.3.4.jar:/Users/abderrahmenattia/.m2/repository/org/springframework/spring-core/5.3.4/spring-core-5.3.4.jar:/Users/abderrahmenattia/.m2/repository/org/springframework/spring-jcl/5.3.4/spring-jcl-5.3.4.jar:/Users/abderrahmenattia/.m2/repository/org/springframework/spring-expression/5.3.4/spring-expression-5.3.4.jar:/Users/abderrahmenattia/.m2/repository/org/aspectj/aspectjweaver/1.9.6/aspectjweaver-1.9.6.jar:/Users/abderrahmenattia/.m2/repository/org/slf4j/slf4j-api/1.7.30/slf4j-api-1.7.30.jar:/Users/abderrahmenattia/.m2/repository/io/github/bonigarcia/webdrivermanager/5.2.1/webdrivermanager-5.2.1.jar:/Users/abderrahmenattia/.m2/repository/com/github/docker-java/docker-java/3.2.13/docker-java-3.2.13.jar:/Users/abderrahmenattia/.m2/repository/com/github/docker-java/docker-java-core/3.2.13/docker-java-core-3.2.13.jar:/Users/abderrahmenattia/.m2/repository/com/github/docker-java/docker-java-api/3.2.13/docker-java-api-3.2.13.jar:/Users/abderrahmenattia/.m2/repository/org/bouncycastle/bcpkix-jdk15on/1.64/bcpkix-jdk15on-1.64.jar:/Users/abderrahmenattia/.m2/repository/org/bouncycastle/bcprov-jdk15on/1.64/bcprov-jdk15on-1.64.jar:/Users/abderrahmenattia/.m2/repository/org/slf4j/jcl-over-slf4j/1.7.30/jcl-over-slf4j-1.7.30.jar:/Users/abderrahmenattia/.m2/repository/com/github/docker-java/docker-java-transport-httpclient5/3.2.13/docker-java-transport-httpclient5-3.2.13.jar:/Users/abderrahmenattia/.m2/repository/com/github/docker-java/docker-java-transport/3.2.13/docker-java-transport-3.2.13.jar:/Users/abderrahmenattia/.m2/repository/net/java/dev/jna/jna/5.8.0/jna-5.8.0.jar:/Users/abderrahmenattia/.m2/repository/org/brotli/dec/0.1.2/dec-0.1.2.jar:/Users/abderrahmenattia/.m2/repository/org/apache/httpcomponents/client5/httpclient5/5.1.3/httpclient5-5.1.3.jar:/Users/abderrahmenattia/.m2/repository/org/apache/httpcomponents/core5/httpcore5/5.1.3/httpcore5-5.1.3.jar:/Users/abderrahmenattia/.m2/repository/org/apache/httpcomponents/core5/httpcore5-h2/5.1.3/httpcore5-h2-5.1.3.jar:/Users/abderrahmenattia/.m2/repository/io/cucumber/cucumber-core/6.10.4/cucumber-core-6.10.4.jar:/Users/abderrahmenattia/.m2/repository/io/cucumber/cucumber-gherkin/6.10.4/cucumber-gherkin-6.10.4.jar:/Users/abderrahmenattia/.m2/repository/io/cucumber/cucumber-gherkin-messages/6.10.4/cucumber-gherkin-messages-6.10.4.jar:/Users/abderrahmenattia/.m2/repository/io/cucumber/messages/15.0.0/messages-15.0.0.jar:/Users/abderrahmenattia/.m2/repository/io/cucumber/tag-expressions/3.0.1/tag-expressions-3.0.1.jar:/Users/abderrahmenattia/.m2/repository/io/cucumber/cucumber-expressions/10.3.0/cucumber-expressions-10.3.0.jar:/Users/abderrahmenattia/.m2/repository/io/cucumber/datatable/3.5.0/datatable-3.5.0.jar:/Users/abderrahmenattia/.m2/repository/io/cucumber/cucumber-plugin/6.10.4/cucumber-plugin-6.10.4.jar:/Users/abderrahmenattia/.m2/repository/io/cucumber/docstring/6.10.4/docstring-6.10.4.jar:/Users/abderrahmenattia/.m2/repository/io/cucumber/html-formatter/13.0.0/html-formatter-13.0.0.jar:/Users/abderrahmenattia/.m2/repository/io/cucumber/create-meta/4.0.0/create-meta-4.0.0.jar:/Users/abderrahmenattia/.m2/repository/org/apiguardian/apiguardian-api/1.1.1/apiguardian-api-1.1.1.jar:/Users/abderrahmenattia/.m2/repository/io/cucumber/cucumber-java/6.10.4/cucumber-java-6.10.4.jar:/Users/abderrahmenattia/.m2/repository/io/cucumber/cucumber-junit/6.10.4/cucumber-junit-6.10.4.jar:/Users/abderrahmenattia/.m2/repository/org/apache/maven/plugins/maven-surefire-plugin/3.0.0/maven-surefire-plugin-3.0.0.jar:/Users/abderrahmenattia/.m2/repository/org/apache/maven/surefire/maven-surefire-common/3.0.0/maven-surefire-common-3.0.0.jar:/Users/abderrahmenattia/.m2/repository/org/apache/maven/surefire/surefire-api/3.0.0/surefire-api-3.0.0.jar:/Users/abderrahmenattia/.m2/repository/org/apache/maven/surefire/surefire-logger-api/3.0.0/surefire-logger-api-3.0.0.jar:/Users/abderrahmenattia/.m2/repository/org/apache/maven/surefire/surefire-extensions-api/3.0.0/surefire-extensions-api-3.0.0.jar:/Users/abderrahmenattia/.m2/repository/org/apache/maven/surefire/surefire-booter/3.0.0/surefire-booter-3.0.0.jar:/Users/abderrahmenattia/.m2/repository/org/apache/maven/surefire/surefire-extensions-spi/3.0.0/surefire-extensions-spi-3.0.0.jar:/Users/abderrahmenattia/.m2/repository/org/eclipse/aether/aether-util/1.0.0.v20140518/aether-util-1.0.0.v20140518.jar:/Users/abderrahmenattia/.m2/repository/org/eclipse/aether/aether-api/1.0.0.v20140518/aether-api-1.0.0.v20140518.jar:/Users/abderrahmenattia/.m2/repository/org/apache/maven/shared/maven-common-artifact-filters/3.1.1/maven-common-artifact-filters-3.1.1.jar:/Users/abderrahmenattia/.m2/repository/org/apache/maven/maven-artifact/3.1.0/maven-artifact-3.1.0.jar:/Users/abderrahmenattia/.m2/repository/org/apache/maven/maven-core/3.1.0/maven-core-3.1.0.jar:/Users/abderrahmenattia/.m2/repository/org/apache/maven/maven-settings/3.1.0/maven-settings-3.1.0.jar:/Users/abderrahmenattia/.m2/repository/org/apache/maven/maven-settings-builder/3.1.0/maven-settings-builder-3.1.0.jar:/Users/abderrahmenattia/.m2/repository/org/apache/maven/maven-repository-metadata/3.1.0/maven-repository-metadata-3.1.0.jar:/Users/abderrahmenattia/.m2/repository/org/apache/maven/maven-model-builder/3.1.0/maven-model-builder-3.1.0.jar:/Users/abderrahmenattia/.m2/repository/org/apache/maven/maven-aether-provider/3.1.0/maven-aether-provider-3.1.0.jar:/Users/abderrahmenattia/.m2/repository/org/eclipse/aether/aether-spi/0.9.0.M2/aether-spi-0.9.0.M2.jar:/Users/abderrahmenattia/.m2/repository/org/eclipse/aether/aether-impl/0.9.0.M2/aether-impl-0.9.0.M2.jar:/Users/abderrahmenattia/.m2/repository/org/eclipse/sisu/org.eclipse.sisu.plexus/0.0.0.M2a/org.eclipse.sisu.plexus-0.0.0.M2a.jar:/Users/abderrahmenattia/.m2/repository/javax/enterprise/cdi-api/1.0/cdi-api-1.0.jar:/Users/abderrahmenattia/.m2/repository/javax/annotation/jsr250-api/1.0/jsr250-api-1.0.jar:/Users/abderrahmenattia/.m2/repository/javax/inject/javax.inject/1/javax.inject-1.jar:/Users/abderrahmenattia/.m2/repository/org/sonatype/sisu/sisu-guice/3.1.0/sisu-guice-3.1.0-no_aop.jar:/Users/abderrahmenattia/.m2/repository/aopalliance/aopalliance/1.0/aopalliance-1.0.jar:/Users/abderrahmenattia/.m2/repository/org/eclipse/sisu/org.eclipse.sisu.inject/0.0.0.M2a/org.eclipse.sisu.inject-0.0.0.M2a.jar:/Users/abderrahmenattia/.m2/repository/asm/asm/3.3.1/asm-3.3.1.jar:/Users/abderrahmenattia/.m2/repository/org/codehaus/plexus/plexus-interpolation/1.16/plexus-interpolation-1.16.jar:/Users/abderrahmenattia/.m2/repository/org/codehaus/plexus/plexus-classworlds/2.4.2/plexus-classworlds-2.4.2.jar:/Users/abderrahmenattia/.m2/repository/org/codehaus/plexus/plexus-component-annotations/1.5.5/plexus-component-annotations-1.5.5.jar:/Users/abderrahmenattia/.m2/repository/org/sonatype/plexus/plexus-sec-dispatcher/1.3/plexus-sec-dispatcher-1.3.jar:/Users/abderrahmenattia/.m2/repository/org/sonatype/plexus/plexus-cipher/1.4/plexus-cipher-1.4.jar:/Users/abderrahmenattia/.m2/repository/org/apache/maven/maven-plugin-api/3.1.0/maven-plugin-api-3.1.0.jar:/Users/abderrahmenattia/.m2/repository/org/codehaus/plexus/plexus-java/1.1.2/plexus-java-1.1.2.jar:/Users/abderrahmenattia/.m2/repository/com/thoughtworks/qdox/qdox/2.0.3/qdox-2.0.3.jar:/Users/abderrahmenattia/.m2/repository/org/apache/maven/surefire/surefire-shared-utils/3.0.0/surefire-shared-utils-3.0.0.jar:/Users/abderrahmenattia/.m2/repository/io/cucumber/cucumber-testng/6.10.4/cucumber-testng-6.10.4.jar:/Users/abderrahmenattia/.m2/repository/io/cucumber/cucumber-jvm-deps/1.0.6/cucumber-jvm-deps-1.0.6.jar:/Users/abderrahmenattia/.m2/repository/net/masterthought/cucumber-reporting/5.5.3/cucumber-reporting-5.5.3.jar:/Users/abderrahmenattia/.m2/repository/com/fasterxml/jackson/core/jackson-databind/2.12.1/jackson-databind-2.12.1.jar:/Users/abderrahmenattia/.m2/repository/com/fasterxml/jackson/core/jackson-annotations/2.12.1/jackson-annotations-2.12.1.jar:/Users/abderrahmenattia/.m2/repository/com/fasterxml/jackson/core/jackson-core/2.12.1/jackson-core-2.12.1.jar:/Users/abderrahmenattia/.m2/repository/com/fasterxml/jackson/datatype/jackson-datatype-jsr310/2.12.1/jackson-datatype-jsr310-2.12.1.jar:/Users/abderrahmenattia/.m2/repository/org/apache/velocity/velocity-engine-core/2.2/velocity-engine-core-2.2.jar:/Users/abderrahmenattia/.m2/repository/commons-collections/commons-collections/3.2.2/commons-collections-3.2.2.jar:/Users/abderrahmenattia/.m2/repository/joda-time/joda-time/2.10.9/joda-time-2.10.9.jar:/Users/abderrahmenattia/.m2/repository/org/codehaus/plexus/plexus-utils/3.3.0/plexus-utils-3.3.0.jar:/Users/abderrahmenattia/.m2/repository/org/jsoup/jsoup/1.13.1/jsoup-1.13.1.jar:/Users/abderrahmenattia/.m2/repository/com/googlecode/owasp-java-html-sanitizer/owasp-java-html-sanitizer/20200713.1/owasp-java-html-sanitizer-20200713.1.jar:/Users/abderrahmenattia/.m2/repository/commons-configuration/commons-configuration/1.10/commons-configuration-1.10.jar:/Users/abderrahmenattia/.m2/repository/commons-lang/commons-lang/2.6/commons-lang-2.6.jar:/Users/abderrahmenattia/.m2/repository/org/hamcrest/hamcrest-core/2.2/hamcrest-core-2.2.jar:/Users/abderrahmenattia/.m2/repository/org/hamcrest/hamcrest/2.2/hamcrest-2.2.jar:/Users/abderrahmenattia/.m2/repository/io/cucumber/gherkin/5.1.0/gherkin-5.1.0.jar:/Users/abderrahmenattia/.m2/repository/io/cucumber/gherkin-jvm-deps/1.0.4/gherkin-jvm-deps-1.0.4.jar:/Users/abderrahmenattia/.m2/repository/net/sourceforge/cobertura/cobertura/2.1.1/cobertura-2.1.1.jar:/Users/abderrahmenattia/.m2/repository/org/ow2/asm/asm/5.0.1/asm-5.0.1.jar:/Users/abderrahmenattia/.m2/repository/org/ow2/asm/asm-tree/5.0.1/asm-tree-5.0.1.jar:/Users/abderrahmenattia/.m2/repository/org/ow2/asm/asm-commons/5.0.1/asm-commons-5.0.1.jar:/Users/abderrahmenattia/.m2/repository/org/ow2/asm/asm-util/5.0.1/asm-util-5.0.1.jar:/Users/abderrahmenattia/.m2/repository/org/ow2/asm/asm-analysis/5.0.1/asm-analysis-5.0.1.jar:/Users/abderrahmenattia/.m2/repository/oro/oro/2.0.8/oro-2.0.8.jar:/Users/abderrahmenattia/.m2/repository/jaxen/jaxen/1.1.4/jaxen-1.1.4.jar:/Users/abderrahmenattia/.m2/repository/org/apache/ant/ant/1.8.3/ant-1.8.3.jar:/Users/abderrahmenattia/.m2/repository/org/apache/ant/ant-launcher/1.8.3/ant-launcher-1.8.3.jar:/Users/abderrahmenattia/.m2/repository/org/apache/ant/ant-junit/1.8.3/ant-junit-1.8.3.jar:/Users/abderrahmenattia/.m2/repository/org/mortbay/jetty/servlet-api-2.5/6.1.14/servlet-api-2.5-6.1.14.jar:/Users/abderrahmenattia/.m2/repository/org/mortbay/jetty/jetty/6.1.14/jetty-6.1.14.jar:/Users/abderrahmenattia/.m2/repository/org/mortbay/jetty/jetty-util/6.1.14/jetty-util-6.1.14.jar:/Users/abderrahmenattia/.m2/repository/ch/qos/logback/logback-classic/1.0.13/logback-classic-1.0.13.jar:/Users/abderrahmenattia/.m2/repository/ch/qos/logback/logback-core/1.0.13/logback-core-1.0.13.jar:/Users/abderrahmenattia/.m2/repository/junit/junit/4.11/junit-4.11.jar:/Users/abderrahmenattia/.m2/repository/org/apache/poi/poi-ooxml/4.1.1/poi-ooxml-4.1.1.jar:/Users/abderrahmenattia/.m2/repository/org/apache/commons/commons-compress/1.19/commons-compress-1.19.jar:/Users/abderrahmenattia/.m2/repository/com/github/virtuald/curvesapi/1.06/curvesapi-1.06.jar:/Users/abderrahmenattia/.m2/repository/org/apache/poi/poi/4.1.1/poi-4.1.1.jar:/Users/abderrahmenattia/.m2/repository/commons-codec/commons-codec/1.13/commons-codec-1.13.jar:/Users/abderrahmenattia/.m2/repository/org/apache/commons/commons-collections4/4.4/commons-collections4-4.4.jar:/Users/abderrahmenattia/.m2/repository/org/apache/commons/commons-math3/3.6.1/commons-math3-3.6.1.jar:/Users/abderrahmenattia/.m2/repository/org/apache/poi/poi-ooxml-schemas/4.1.1/poi-ooxml-schemas-4.1.1.jar:/Users/abderrahmenattia/.m2/repository/org/apache/xmlbeans/xmlbeans/3.1.0/xmlbeans-3.1.0.jar:/Users/abderrahmenattia/.m2/repository/commons-io/commons-io/2.6/commons-io-2.6.jar:/Users/abderrahmenattia/.m2/repository/org/apache/httpcomponents/fluent-hc/4.5.13/fluent-hc-4.5.13.jar:/Users/abderrahmenattia/.m2/repository/commons-logging/commons-logging/1.2/commons-logging-1.2.jar:/Users/abderrahmenattia/.m2/repository/com/aventstack/extentreports/5.0.9/extentreports-5.0.9.jar:/Users/abderrahmenattia/.m2/repository/io/reactivex/rxjava3/rxjava/3.0.4/rxjava-3.0.4.jar:/Users/abderrahmenattia/.m2/repository/org/reactivestreams/reactive-streams/1.0.3/reactive-streams-1.0.3.jar:/Users/abderrahmenattia/.m2/repository/org/freemarker/freemarker/2.3.30/freemarker-2.3.30.jar:/Users/abderrahmenattia/.m2/repository/org/projectlombok/lombok/1.18.12/lombok-1.18.12.jar:/Users/abderrahmenattia/.m2/repository/org/apache/poi/poi-scratchpad/4.1.1/poi-scratchpad-4.1.1.jar:/Users/abderrahmenattia/.m2/repository/org/apache/poi/openxml4j/1.0-beta/openxml4j-1.0-beta.jar:/Users/abderrahmenattia/.m2/repository/dom4j/dom4j/1.6.1/dom4j-1.6.1.jar:/Users/abderrahmenattia/.m2/repository/xml-apis/xml-apis/1.0.b2/xml-apis-1.0.b2.jar:/Users/abderrahmenattia/.m2/repository/log4j/log4j/1.2.8/log4j-1.2.8.jar:/Users/abderrahmenattia/.m2/repository/com/googlecode/json-simple/json-simple/1.1.1/json-simple-1.1.1.jar:/Users/abderrahmenattia/.m2/repository/com/github/ralfstuckert/pdfbox-layout/pdfbox1-layout/1.0.0/pdfbox1-layout-1.0.0.jar:/Users/abderrahmenattia/.m2/repository/tech/grasshopper/extentreports-cucumber6-adapter/2.6.0/extentreports-cucumber6-adapter-2.6.0.jar:/Users/abderrahmenattia/.m2/repository/tech/grasshopper/extent-pdf-report/1.5.0/extent-pdf-report-1.5.0.jar:/Users/abderrahmenattia/.m2/repository/tech/grasshopper/cucumber-pdf-report/1.7.0/cucumber-pdf-report-1.7.0.jar:/Users/abderrahmenattia/.m2/repository/org/knowm/xchart/xchart/3.6.5/xchart-3.6.5.jar:/Users/abderrahmenattia/.m2/repository/de/erichseifert/vectorgraphics2d/VectorGraphics2D/0.13/VectorGraphics2D-0.13.jar:/Users/abderrahmenattia/.m2/repository/de/rototor/pdfbox/graphics2d/0.27/graphics2d-0.27.jar:/Users/abderrahmenattia/.m2/repository/com/madgag/animated-gif-lib/1.4/animated-gif-lib-1.4.jar:/Users/abderrahmenattia/.m2/repository/com/github/vandeseer/easytable/0.7.1/easytable-0.7.1.jar:/Users/abderrahmenattia/.m2/repository/org/yaml/snakeyaml/1.27/snakeyaml-1.27.jar:/Users/abderrahmenattia/.m2/repository/com/aventstack/klov-reporter/5.0.5/klov-reporter-5.0.5.jar:/Users/abderrahmenattia/.m2/repository/org/mongodb/bson/3.6.4/bson-3.6.4.jar:/Users/abderrahmenattia/.m2/repository/org/apache/httpcomponents/httpmime/4.5.2/httpmime-4.5.2.jar:/Users/abderrahmenattia/.m2/repository/org/mongodb/mongodb-driver/3.3.0/mongodb-driver-3.3.0.jar:/Users/abderrahmenattia/.m2/repository/org/mongodb/mongodb-driver-core/3.3.0/mongodb-driver-core-3.3.0.jar:"/>
    <property name="sun.cpu.endian" value="little"/>
    <property name="user.home" value="/Users/abderrahmenattia"/>
    <property name="user.language" value="en"/>
    <property name="java.specification.vendor" value="Oracle Corporation"/>
    <property name="java.version.date" value="2023-03-21"/>
    <property name="java.home" value="/usr/local/Cellar/openjdk/20/libexec/openjdk.jdk/Contents/Home"/>
    <property name="file.separator" value="/"/>
    <property name="basedir" value="/Users/abderrahmenattia/eclipse-workspace/Preparation_Interview_Dependencies"/>
    <property name="java.vm.compressedOopsMode" value="Zero based"/>
    <property name="line.separator" value="&#10;"/>
    <property name="java.vm.specification.vendor" value="Oracle Corporation"/>
    <property name="java.specification.name" value="Java Platform API Specification"/>
    <property name="apple.awt.application.name" value="ForkedBooter"/>
    <property name="surefire.real.class.path" value="/Users/abderrahmenattia/eclipse-workspace/Preparation_Interview_Dependencies/target/surefire/surefirebooter15553991670393783549.jar"/>
    <property name="sun.management.compiler" value="HotSpot 64-Bit Tiered Compilers"/>
    <property name="ftp.nonProxyHosts" value="local|*.local|169.254/16|*.169.254/16"/>
    <property name="java.runtime.version" value="20"/>
    <property name="user.name" value="abderrahmenattia"/>
    <property name="stdout.encoding" value="UTF-8"/>
    <property name="path.separator" value=":"/>
    <property name="os.version" value="13.2"/>
    <property name="java.runtime.name" value="OpenJDK Runtime Environment"/>
    <property name="file.encoding" value="UTF-8"/>
    <property name="java.vm.name" value="OpenJDK 64-Bit Server VM"/>
    <property name="java.vendor.version" value="Homebrew"/>
    <property name="localRepository" value="/Users/abderrahmenattia/.m2/repository"/>
    <property name="java.vendor.url.bug" value="https://github.com/Homebrew/homebrew-core/issues"/>
    <property name="java.io.tmpdir" value="/var/folders/0j/z18n982j24dg_ymf_yqfvy680000gn/T/"/>
    <property name="java.version" value="20"/>
    <property name="user.dir" value="/Users/abderrahmenattia/eclipse-workspace/Preparation_Interview_Dependencies"/>
    <property name="os.arch" value="x86_64"/>
    <property name="java.vm.specification.name" value="Java Virtual Machine Specification"/>
    <property name="native.encoding" value="UTF-8"/>
    <property name="java.library.path" value="/Users/abderrahmenattia/Library/Java/Extensions:/Library/Java/Extensions:/Network/Library/Java/Extensions:/System/Library/Java/Extensions:/usr/lib/java:."/>
    <property name="java.vm.info" value="mixed mode, sharing"/>
    <property name="stderr.encoding" value="UTF-8"/>
    <property name="java.vendor" value="Homebrew"/>
    <property name="java.vm.version" value="20"/>
    <property name="sun.io.unicode.encoding" value="UnicodeBig"/>
    <property name="socksNonProxyHosts" value="local|*.local|169.254/16|*.169.254/16"/>
    <property name="java.class.version" value="64.0"/>
  </properties>
  <testcase name="EnterAllCredantials" classname="com.rediff.qa.testbase.CreateAccountTestCase" time="0.225">
    <failure type="java.lang.AssertionError:">java.lang.AssertionError: 
	at com.rediff.qa.testbase.CreateAccountTestCase.EnterAllCredantials(CreateAccountTestCase.java:46)
</failure>
    <system-out><![CDATA[[DEBUG] Using SLF4J as the default logging framework
[DEBUG] -Dio.netty.leakDetection.level: simple
[DEBUG] -Dio.netty.leakDetection.targetRecords: 4
[DEBUG] Loaded default ResourceLeakDetector: io.netty.util.ResourceLeakDetector@25f4878b
[DEBUG] -Dio.netty.noUnsafe: false
[DEBUG] Java version: 20
[DEBUG] sun.misc.Unsafe.theUnsafe: available
[DEBUG] sun.misc.Unsafe.copyMemory: available
[DEBUG] sun.misc.Unsafe.storeFence: available
[DEBUG] java.nio.Buffer.address: available
[DEBUG] direct buffer constructor: unavailable: Reflective setAccessible(true) disabled
[DEBUG] java.nio.Bits.unaligned: available, true
[DEBUG] jdk.internal.misc.Unsafe.allocateUninitializedArray(int): unavailable: class io.netty.util.internal.PlatformDependent0$7 cannot access class jdk.internal.misc.Unsafe (in module java.base) because module java.base does not export jdk.internal.misc to unnamed module @b6ba78c
[DEBUG] java.nio.DirectByteBuffer.<init>(long, int): unavailable
[DEBUG] sun.misc.Unsafe: available
[DEBUG] maxDirectMemory: 4294967296 bytes (maybe)
[DEBUG] -Dio.netty.tmpdir: /var/folders/0j/z18n982j24dg_ymf_yqfvy680000gn/T (java.io.tmpdir)
[DEBUG] -Dio.netty.bitMode: 64 (sun.arch.data.model)
[DEBUG] Platform: MacOS
[DEBUG] -Dio.netty.maxDirectMemory: -1 bytes
[DEBUG] -Dio.netty.uninitializedArrayAllocationThreshold: -1
[DEBUG] java.nio.ByteBuffer.cleaner(): available
[DEBUG] -Dio.netty.noPreferDirect: false
[DEBUG] org.jctools-core.MpscChunkedArrayQueue: available
[DEBUG] -Dio.netty.threadLocalMap.stringBuilder.initialSize: 1024
[DEBUG] -Dio.netty.threadLocalMap.stringBuilder.maxSize: 4096
[DEBUG] Default protocols (JDK): [TLSv1.3, TLSv1.2] 
[DEBUG] Default cipher suites (JDK): [TLS_ECDHE_ECDSA_WITH_AES_256_GCM_SHA384, TLS_ECDHE_ECDSA_WITH_AES_128_GCM_SHA256, TLS_ECDHE_RSA_WITH_AES_128_GCM_SHA256, TLS_ECDHE_RSA_WITH_AES_256_GCM_SHA384, TLS_ECDHE_RSA_WITH_AES_128_CBC_SHA, TLS_ECDHE_RSA_WITH_AES_256_CBC_SHA, TLS_RSA_WITH_AES_128_GCM_SHA256, TLS_RSA_WITH_AES_128_CBC_SHA, TLS_RSA_WITH_AES_256_CBC_SHA, TLS_AES_128_GCM_SHA256, TLS_AES_256_GCM_SHA384]
[DEBUG] -Dio.netty.globalEventExecutor.quietPeriodSeconds: 1
[DEBUG] -Dio.netty.eventLoopThreads: 32
[DEBUG] -Dio.netty.noKeySetOptimization: false
[DEBUG] -Dio.netty.selectorAutoRebuildThreshold: 512
[DEBUG] -Dio.netty.allocator.numHeapArenas: 32
[DEBUG] -Dio.netty.allocator.numDirectArenas: 32
[DEBUG] -Dio.netty.allocator.pageSize: 8192
[DEBUG] -Dio.netty.allocator.maxOrder: 9
[DEBUG] -Dio.netty.allocator.chunkSize: 4194304
[DEBUG] -Dio.netty.allocator.smallCacheSize: 256
[DEBUG] -Dio.netty.allocator.normalCacheSize: 64
[DEBUG] -Dio.netty.allocator.maxCachedBufferCapacity: 32768
[DEBUG] -Dio.netty.allocator.cacheTrimInterval: 8192
[DEBUG] -Dio.netty.allocator.cacheTrimIntervalMillis: 0
[DEBUG] -Dio.netty.allocator.useCacheForAllThreads: false
[DEBUG] -Dio.netty.allocator.maxCachedByteBuffersPerChunk: 1023
[DEBUG] -Dio.netty.allocator.type: pooled
[DEBUG] -Dio.netty.threadLocalDirectBufferSize: 0
[DEBUG] -Dio.netty.maxThreadLocalCharBufferSize: 16384
[DEBUG] -Dio.netty.processId: 88590 (auto-detected)
[DEBUG] -Djava.net.preferIPv4Stack: false
[DEBUG] -Djava.net.preferIPv6Addresses: false
[DEBUG] Loopback interface: lo0 (lo0, 0:0:0:0:0:0:0:1%lo0)
[DEBUG] Failed to get SOMAXCONN from sysctl and file /proc/sys/net/core/somaxconn. Default: 128
[DEBUG] -Dio.netty.machineId: 14:7d:da:ff:fe:36:da:8a (auto-detected)
[DEBUG] -Dio.netty.buffer.checkAccessible: true
[DEBUG] -Dio.netty.buffer.checkBounds: true
[DEBUG] Loaded default ResourceLeakDetector: io.netty.util.ResourceLeakDetector@2bf65815
[DEBUG] Using new Channel '[id: 0x32589a0b, L:/127.0.0.1:61454 - R:localhost/127.0.0.1:4185]' for 'POST' to '/session'
[DEBUG] -Dio.netty.recycler.maxCapacityPerThread: 4096
[DEBUG] -Dio.netty.recycler.ratio: 8
[DEBUG] -Dio.netty.recycler.chunkSize: 32
[DEBUG] -Dio.netty.recycler.blocking: false
[DEBUG] -Dio.netty.recycler.batchFastThreadLocalOnly: true
[DEBUG] brotli4j not in the classpath; Brotli support will be unavailable.
[DEBUG] 

Request DefaultHttpRequest(decodeResult: success, version: HTTP/1.1)
POST /session HTTP/1.1
User-Agent: selenium/4.8.3 (java mac)
Content-Length: 439
Content-Type: application/json; charset=utf-8
host: localhost:4185
accept: */*

Response DefaultHttpResponse(decodeResult: success, version: HTTP/1.1)
HTTP/1.1 200 OK
Content-Length: 869
Content-Type: application/json; charset=utf-8
cache-control: no-cache

[DEBUG] Adding key: http://localhost:4185 for channel [id: 0x32589a0b, L:/127.0.0.1:61454 - R:localhost/127.0.0.1:4185]
[DEBUG] Using new Channel '[id: 0xdc394800, L:/127.0.0.1:61459 - R:localhost/127.0.0.1:61455]' for 'GET' to '/json/version'
[DEBUG] 

Request DefaultFullHttpRequest(decodeResult: success, version: HTTP/1.1, content: EmptyByteBufBE)
GET /json/version HTTP/1.1
User-Agent: selenium/4.8.3 (java mac)
host: localhost:61455
accept: */*

Response DefaultHttpResponse(decodeResult: success, version: HTTP/1.1)
HTTP/1.1 200 OK
Content-Security-Policy: frame-ancestors 'none'
Content-Length: 422
Content-Type: application/json; charset=UTF-8

[DEBUG] Adding key: http://localhost:61455 for channel [id: 0xdc394800, L:/127.0.0.1:61459 - R:localhost/127.0.0.1:61455]
[DEBUG] -Dio.netty.initialSeedUniquifier: 0xc28f699783c97616
[DEBUG] Using new Channel '[id: 0x1a9b8768, L:/127.0.0.1:61460 - R:localhost/127.0.0.1:61455]' for 'GET' to '/devtools/browser/3d13a8b0-0e4f-48a0-908a-415d9634ae53'
[DEBUG] 

Request DefaultFullHttpRequest(decodeResult: success, version: HTTP/1.1, content: EmptyByteBufBE)
GET /devtools/browser/3d13a8b0-0e4f-48a0-908a-415d9634ae53 HTTP/1.1
upgrade: websocket
connection: upgrade
sec-websocket-key: vKcPhpFTGXzpYZzqjWkFtQ==
sec-websocket-version: 13
origin: http://localhost:61455
host: localhost:61455
accept: */*
user-agent: AHC/2.1

Response DefaultHttpResponse(decodeResult: success, version: HTTP/1.1)
HTTP/1.1 101 WebSocket Protocol Handshake
Upgrade: WebSocket
Connection: Upgrade
Sec-WebSocket-Accept: 60kVh0Br020385pXQNNcwd6E4qY=

[DEBUG] Using new Channel '[id: 0x86962230, L:/127.0.0.1:61463 - R:localhost/127.0.0.1:12966]' for 'POST' to '/session'
[DEBUG] Entry count for : http://localhost:4185 : 1
[DEBUG] Entry count for : http://localhost:61455 : 1
[DEBUG] 

Request DefaultHttpRequest(decodeResult: success, version: HTTP/1.1)
POST /session HTTP/1.1
User-Agent: selenium/4.8.3 (java mac)
Content-Length: 439
Content-Type: application/json; charset=utf-8
host: localhost:12966
accept: */*

Response DefaultHttpResponse(decodeResult: success, version: HTTP/1.1)
HTTP/1.1 200 OK
Content-Length: 869
Content-Type: application/json; charset=utf-8
cache-control: no-cache

[DEBUG] Adding key: http://localhost:12966 for channel [id: 0x86962230, L:/127.0.0.1:61463 - R:localhost/127.0.0.1:12966]
[DEBUG] Using new Channel '[id: 0x1c29f846, L:/127.0.0.1:61468 - R:localhost/127.0.0.1:61464]' for 'GET' to '/json/version'
[DEBUG] 

Request DefaultFullHttpRequest(decodeResult: success, version: HTTP/1.1, content: EmptyByteBufBE)
GET /json/version HTTP/1.1
User-Agent: selenium/4.8.3 (java mac)
host: localhost:61464
accept: */*

Response DefaultHttpResponse(decodeResult: success, version: HTTP/1.1)
HTTP/1.1 200 OK
Content-Security-Policy: frame-ancestors 'none'
Content-Length: 422
Content-Type: application/json; charset=UTF-8

[DEBUG] Adding key: http://localhost:61464 for channel [id: 0x1c29f846, L:/127.0.0.1:61468 - R:localhost/127.0.0.1:61464]
[DEBUG] Using new Channel '[id: 0x3f3fae6c, L:/127.0.0.1:61469 - R:localhost/127.0.0.1:61464]' for 'GET' to '/devtools/browser/a40b6f37-ae14-4a26-b4ed-24951554df66'
[DEBUG] 

Request DefaultFullHttpRequest(decodeResult: success, version: HTTP/1.1, content: EmptyByteBufBE)
GET /devtools/browser/a40b6f37-ae14-4a26-b4ed-24951554df66 HTTP/1.1
upgrade: websocket
connection: upgrade
sec-websocket-key: ZWB4RWWjUndp9xygppXmiw==
sec-websocket-version: 13
origin: http://localhost:61464
host: localhost:61464
accept: */*
user-agent: AHC/2.1

Response DefaultHttpResponse(decodeResult: success, version: HTTP/1.1)
HTTP/1.1 101 WebSocket Protocol Handshake
Upgrade: WebSocket
Connection: Upgrade
Sec-WebSocket-Accept: 61G06gtrAop/ZuTbLp2jz72zRHM=

[DEBUG] Using pooled Channel '[id: 0x86962230, L:/127.0.0.1:61463 - R:localhost/127.0.0.1:12966]' for 'DELETE' to 'http://localhost:12966/session/7063386599e22b62b404525568c1ceee/cookie'
[DEBUG] Using open Channel [id: 0x86962230, L:/127.0.0.1:61463 - R:localhost/127.0.0.1:12966] for DELETE '/session/7063386599e22b62b404525568c1ceee/cookie'
[DEBUG] 

Request DefaultFullHttpRequest(decodeResult: success, version: HTTP/1.1, content: EmptyByteBufBE)
DELETE /session/7063386599e22b62b404525568c1ceee/cookie HTTP/1.1
User-Agent: selenium/4.8.3 (java mac)
Content-Type: application/json; charset=utf-8
host: localhost:12966
accept: */*

Response DefaultHttpResponse(decodeResult: success, version: HTTP/1.1)
HTTP/1.1 200 OK
Content-Length: 14
Content-Type: application/json; charset=utf-8
cache-control: no-cache

[DEBUG] Adding key: http://localhost:12966 for channel [id: 0x86962230, L:/127.0.0.1:61463 - R:localhost/127.0.0.1:12966]
[DEBUG] Using pooled Channel '[id: 0x86962230, L:/127.0.0.1:61463 - R:localhost/127.0.0.1:12966]' for 'POST' to 'http://localhost:12966/session/7063386599e22b62b404525568c1ceee/timeouts'
[DEBUG] Using open Channel [id: 0x86962230, L:/127.0.0.1:61463 - R:localhost/127.0.0.1:12966] for POST '/session/7063386599e22b62b404525568c1ceee/timeouts'
[DEBUG] 

Request DefaultHttpRequest(decodeResult: success, version: HTTP/1.1)
POST /session/7063386599e22b62b404525568c1ceee/timeouts HTTP/1.1
User-Agent: selenium/4.8.3 (java mac)
Content-Length: 23
Content-Type: application/json; charset=utf-8
host: localhost:12966
accept: */*

Response DefaultHttpResponse(decodeResult: success, version: HTTP/1.1)
HTTP/1.1 200 OK
Content-Length: 14
Content-Type: application/json; charset=utf-8
cache-control: no-cache

[DEBUG] Adding key: http://localhost:12966 for channel [id: 0x86962230, L:/127.0.0.1:61463 - R:localhost/127.0.0.1:12966]
[DEBUG] Using pooled Channel '[id: 0x86962230, L:/127.0.0.1:61463 - R:localhost/127.0.0.1:12966]' for 'POST' to 'http://localhost:12966/session/7063386599e22b62b404525568c1ceee/timeouts'
[DEBUG] Using open Channel [id: 0x86962230, L:/127.0.0.1:61463 - R:localhost/127.0.0.1:12966] for POST '/session/7063386599e22b62b404525568c1ceee/timeouts'
[DEBUG] 

Request DefaultHttpRequest(decodeResult: success, version: HTTP/1.1)
POST /session/7063386599e22b62b404525568c1ceee/timeouts HTTP/1.1
User-Agent: selenium/4.8.3 (java mac)
Content-Length: 23
Content-Type: application/json; charset=utf-8
host: localhost:12966
accept: */*

Response DefaultHttpResponse(decodeResult: success, version: HTTP/1.1)
HTTP/1.1 200 OK
Content-Length: 14
Content-Type: application/json; charset=utf-8
cache-control: no-cache

[DEBUG] Adding key: http://localhost:12966 for channel [id: 0x86962230, L:/127.0.0.1:61463 - R:localhost/127.0.0.1:12966]
[DEBUG] Using pooled Channel '[id: 0x86962230, L:/127.0.0.1:61463 - R:localhost/127.0.0.1:12966]' for 'POST' to 'http://localhost:12966/session/7063386599e22b62b404525568c1ceee/timeouts'
[DEBUG] Using open Channel [id: 0x86962230, L:/127.0.0.1:61463 - R:localhost/127.0.0.1:12966] for POST '/session/7063386599e22b62b404525568c1ceee/timeouts'
[DEBUG] 

Request DefaultHttpRequest(decodeResult: success, version: HTTP/1.1)
POST /session/7063386599e22b62b404525568c1ceee/timeouts HTTP/1.1
User-Agent: selenium/4.8.3 (java mac)
Content-Length: 22
Content-Type: application/json; charset=utf-8
host: localhost:12966
accept: */*

Response DefaultHttpResponse(decodeResult: success, version: HTTP/1.1)
HTTP/1.1 200 OK
Content-Length: 14
Content-Type: application/json; charset=utf-8
cache-control: no-cache

[DEBUG] Adding key: http://localhost:12966 for channel [id: 0x86962230, L:/127.0.0.1:61463 - R:localhost/127.0.0.1:12966]
[DEBUG] Using pooled Channel '[id: 0x86962230, L:/127.0.0.1:61463 - R:localhost/127.0.0.1:12966]' for 'POST' to 'http://localhost:12966/session/7063386599e22b62b404525568c1ceee/url'
[DEBUG] Using open Channel [id: 0x86962230, L:/127.0.0.1:61463 - R:localhost/127.0.0.1:12966] for POST '/session/7063386599e22b62b404525568c1ceee/url'
[DEBUG] Entry count for : http://localhost:61464 : 1
[DEBUG] Entry count for : http://localhost:4185 : 1
[DEBUG] Entry count for : http://localhost:61455 : 1
[DEBUG] Entry count for : http://localhost:61464 : 1
[DEBUG] Entry count for : http://localhost:4185 : 1
[DEBUG] Entry count for : http://localhost:61455 : 1
[DEBUG] Entry count for : http://localhost:61464 : 1
[DEBUG] Entry count for : http://localhost:4185 : 1
[DEBUG] Entry count for : http://localhost:61455 : 1
[DEBUG] Entry count for : http://localhost:61464 : 1
[DEBUG] Entry count for : http://localhost:4185 : 1
[DEBUG] Entry count for : http://localhost:61455 : 1
[DEBUG] Entry count for : http://localhost:61464 : 1
[DEBUG] Entry count for : http://localhost:4185 : 1
[DEBUG] Entry count for : http://localhost:61455 : 1
[DEBUG] 

Request DefaultHttpRequest(decodeResult: success, version: HTTP/1.1)
POST /session/7063386599e22b62b404525568c1ceee/url HTTP/1.1
User-Agent: selenium/4.8.3 (java mac)
Content-Length: 53
Content-Type: application/json; charset=utf-8
host: localhost:12966
accept: */*

Response DefaultHttpResponse(decodeResult: success, version: HTTP/1.1)
HTTP/1.1 200 OK
Content-Length: 14
Content-Type: application/json; charset=utf-8
cache-control: no-cache

[DEBUG] Adding key: http://localhost:12966 for channel [id: 0x86962230, L:/127.0.0.1:61463 - R:localhost/127.0.0.1:12966]
[DEBUG] Using pooled Channel '[id: 0x86962230, L:/127.0.0.1:61463 - R:localhost/127.0.0.1:12966]' for 'POST' to 'http://localhost:12966/session/7063386599e22b62b404525568c1ceee/element'
[DEBUG] Using open Channel [id: 0x86962230, L:/127.0.0.1:61463 - R:localhost/127.0.0.1:12966] for POST '/session/7063386599e22b62b404525568c1ceee/element'
[DEBUG] 

Request DefaultHttpRequest(decodeResult: success, version: HTTP/1.1)
POST /session/7063386599e22b62b404525568c1ceee/element HTTP/1.1
User-Agent: selenium/4.8.3 (java mac)
Content-Length: 55
Content-Type: application/json; charset=utf-8
host: localhost:12966
accept: */*

Response DefaultHttpResponse(decodeResult: success, version: HTTP/1.1)
HTTP/1.1 200 OK
Content-Length: 88
Content-Type: application/json; charset=utf-8
cache-control: no-cache

[DEBUG] Adding key: http://localhost:12966 for channel [id: 0x86962230, L:/127.0.0.1:61463 - R:localhost/127.0.0.1:12966]
[DEBUG] Using pooled Channel '[id: 0x86962230, L:/127.0.0.1:61463 - R:localhost/127.0.0.1:12966]' for 'POST' to 'http://localhost:12966/session/7063386599e22b62b404525568c1ceee/element/f574ede1-f2b8-44f1-9e88-c22dd0d12f21/click'
[DEBUG] Using open Channel [id: 0x86962230, L:/127.0.0.1:61463 - R:localhost/127.0.0.1:12966] for POST '/session/7063386599e22b62b404525568c1ceee/element/f574ede1-f2b8-44f1-9e88-c22dd0d12f21/click'
[DEBUG] Entry count for : http://localhost:61464 : 1
[DEBUG] Entry count for : http://localhost:4185 : 1
[DEBUG] Entry count for : http://localhost:61455 : 1
[DEBUG] Entry count for : http://localhost:61464 : 1
[DEBUG] Entry count for : http://localhost:4185 : 1
[DEBUG] Entry count for : http://localhost:61455 : 1
[DEBUG] 

Request DefaultHttpRequest(decodeResult: success, version: HTTP/1.1)
POST /session/7063386599e22b62b404525568c1ceee/element/f574ede1-f2b8-44f1-9e88-c22dd0d12f21/click HTTP/1.1
User-Agent: selenium/4.8.3 (java mac)
Content-Length: 50
Content-Type: application/json; charset=utf-8
host: localhost:12966
accept: */*

Response DefaultHttpResponse(decodeResult: success, version: HTTP/1.1)
HTTP/1.1 200 OK
Content-Length: 14
Content-Type: application/json; charset=utf-8
cache-control: no-cache

[DEBUG] Adding key: http://localhost:12966 for channel [id: 0x86962230, L:/127.0.0.1:61463 - R:localhost/127.0.0.1:12966]
[DEBUG] Using pooled Channel '[id: 0x86962230, L:/127.0.0.1:61463 - R:localhost/127.0.0.1:12966]' for 'POST' to 'http://localhost:12966/session/7063386599e22b62b404525568c1ceee/element'
[DEBUG] Using open Channel [id: 0x86962230, L:/127.0.0.1:61463 - R:localhost/127.0.0.1:12966] for POST '/session/7063386599e22b62b404525568c1ceee/element'
[DEBUG] 

Request DefaultHttpRequest(decodeResult: success, version: HTTP/1.1)
POST /session/7063386599e22b62b404525568c1ceee/element HTTP/1.1
User-Agent: selenium/4.8.3 (java mac)
Content-Length: 81
Content-Type: application/json; charset=utf-8
host: localhost:12966
accept: */*

Response DefaultHttpResponse(decodeResult: success, version: HTTP/1.1)
HTTP/1.1 200 OK
Content-Length: 88
Content-Type: application/json; charset=utf-8
cache-control: no-cache

[DEBUG] Adding key: http://localhost:12966 for channel [id: 0x86962230, L:/127.0.0.1:61463 - R:localhost/127.0.0.1:12966]
[DEBUG] Using pooled Channel '[id: 0x86962230, L:/127.0.0.1:61463 - R:localhost/127.0.0.1:12966]' for 'POST' to 'http://localhost:12966/session/7063386599e22b62b404525568c1ceee/element/eab95d08-4923-4385-a5b4-4fad93a0779a/value'
[DEBUG] Using open Channel [id: 0x86962230, L:/127.0.0.1:61463 - R:localhost/127.0.0.1:12966] for POST '/session/7063386599e22b62b404525568c1ceee/element/eab95d08-4923-4385-a5b4-4fad93a0779a/value'
[DEBUG] 

Request DefaultHttpRequest(decodeResult: success, version: HTTP/1.1)
POST /session/7063386599e22b62b404525568c1ceee/element/eab95d08-4923-4385-a5b4-4fad93a0779a/value HTTP/1.1
User-Agent: selenium/4.8.3 (java mac)
Content-Length: 181
Content-Type: application/json; charset=utf-8
host: localhost:12966
accept: */*

Response DefaultHttpResponse(decodeResult: success, version: HTTP/1.1)
HTTP/1.1 200 OK
Content-Length: 14
Content-Type: application/json; charset=utf-8
cache-control: no-cache

[DEBUG] Adding key: http://localhost:12966 for channel [id: 0x86962230, L:/127.0.0.1:61463 - R:localhost/127.0.0.1:12966]
[DEBUG] Using pooled Channel '[id: 0x86962230, L:/127.0.0.1:61463 - R:localhost/127.0.0.1:12966]' for 'POST' to 'http://localhost:12966/session/7063386599e22b62b404525568c1ceee/element'
[DEBUG] Using open Channel [id: 0x86962230, L:/127.0.0.1:61463 - R:localhost/127.0.0.1:12966] for POST '/session/7063386599e22b62b404525568c1ceee/element'
[DEBUG] 

Request DefaultHttpRequest(decodeResult: success, version: HTTP/1.1)
POST /session/7063386599e22b62b404525568c1ceee/element HTTP/1.1
User-Agent: selenium/4.8.3 (java mac)
Content-Length: 82
Content-Type: application/json; charset=utf-8
host: localhost:12966
accept: */*

Response DefaultHttpResponse(decodeResult: success, version: HTTP/1.1)
HTTP/1.1 200 OK
Content-Length: 88
Content-Type: application/json; charset=utf-8
cache-control: no-cache

[DEBUG] Adding key: http://localhost:12966 for channel [id: 0x86962230, L:/127.0.0.1:61463 - R:localhost/127.0.0.1:12966]
[DEBUG] Using pooled Channel '[id: 0x86962230, L:/127.0.0.1:61463 - R:localhost/127.0.0.1:12966]' for 'POST' to 'http://localhost:12966/session/7063386599e22b62b404525568c1ceee/element/d2e01d83-b2aa-4ec9-b50b-e74e85f7b0a8/value'
[DEBUG] Using open Channel [id: 0x86962230, L:/127.0.0.1:61463 - R:localhost/127.0.0.1:12966] for POST '/session/7063386599e22b62b404525568c1ceee/element/d2e01d83-b2aa-4ec9-b50b-e74e85f7b0a8/value'
[DEBUG] 

Request DefaultHttpRequest(decodeResult: success, version: HTTP/1.1)
POST /session/7063386599e22b62b404525568c1ceee/element/d2e01d83-b2aa-4ec9-b50b-e74e85f7b0a8/value HTTP/1.1
User-Agent: selenium/4.8.3 (java mac)
Content-Length: 271
Content-Type: application/json; charset=utf-8
host: localhost:12966
accept: */*

Response DefaultHttpResponse(decodeResult: success, version: HTTP/1.1)
HTTP/1.1 200 OK
Content-Length: 14
Content-Type: application/json; charset=utf-8
cache-control: no-cache

[DEBUG] Adding key: http://localhost:12966 for channel [id: 0x86962230, L:/127.0.0.1:61463 - R:localhost/127.0.0.1:12966]
[DEBUG] Using pooled Channel '[id: 0x86962230, L:/127.0.0.1:61463 - R:localhost/127.0.0.1:12966]' for 'POST' to 'http://localhost:12966/session/7063386599e22b62b404525568c1ceee/element'
[DEBUG] Using open Channel [id: 0x86962230, L:/127.0.0.1:61463 - R:localhost/127.0.0.1:12966] for POST '/session/7063386599e22b62b404525568c1ceee/element'
[DEBUG] 

Request DefaultHttpRequest(decodeResult: success, version: HTTP/1.1)
POST /session/7063386599e22b62b404525568c1ceee/element HTTP/1.1
User-Agent: selenium/4.8.3 (java mac)
Content-Length: 88
Content-Type: application/json; charset=utf-8
host: localhost:12966
accept: */*

Response DefaultHttpResponse(decodeResult: success, version: HTTP/1.1)
HTTP/1.1 200 OK
Content-Length: 88
Content-Type: application/json; charset=utf-8
cache-control: no-cache

[DEBUG] Adding key: http://localhost:12966 for channel [id: 0x86962230, L:/127.0.0.1:61463 - R:localhost/127.0.0.1:12966]
[DEBUG] Using pooled Channel '[id: 0x86962230, L:/127.0.0.1:61463 - R:localhost/127.0.0.1:12966]' for 'POST' to 'http://localhost:12966/session/7063386599e22b62b404525568c1ceee/element/ba4fd3a5-aef3-4d10-a5a7-2d5103b0dccb/click'
[DEBUG] Using open Channel [id: 0x86962230, L:/127.0.0.1:61463 - R:localhost/127.0.0.1:12966] for POST '/session/7063386599e22b62b404525568c1ceee/element/ba4fd3a5-aef3-4d10-a5a7-2d5103b0dccb/click'
[DEBUG] 

Request DefaultHttpRequest(decodeResult: success, version: HTTP/1.1)
POST /session/7063386599e22b62b404525568c1ceee/element/ba4fd3a5-aef3-4d10-a5a7-2d5103b0dccb/click HTTP/1.1
User-Agent: selenium/4.8.3 (java mac)
Content-Length: 50
Content-Type: application/json; charset=utf-8
host: localhost:12966
accept: */*

Response DefaultHttpResponse(decodeResult: success, version: HTTP/1.1)
HTTP/1.1 200 OK
Content-Length: 14
Content-Type: application/json; charset=utf-8
cache-control: no-cache

[DEBUG] Adding key: http://localhost:12966 for channel [id: 0x86962230, L:/127.0.0.1:61463 - R:localhost/127.0.0.1:12966]
[DEBUG] Using pooled Channel '[id: 0x86962230, L:/127.0.0.1:61463 - R:localhost/127.0.0.1:12966]' for 'POST' to 'http://localhost:12966/session/7063386599e22b62b404525568c1ceee/element'
[DEBUG] Using open Channel [id: 0x86962230, L:/127.0.0.1:61463 - R:localhost/127.0.0.1:12966] for POST '/session/7063386599e22b62b404525568c1ceee/element'
[DEBUG] 

Request DefaultHttpRequest(decodeResult: success, version: HTTP/1.1)
POST /session/7063386599e22b62b404525568c1ceee/element HTTP/1.1
User-Agent: selenium/4.8.3 (java mac)
Content-Length: 78
Content-Type: application/json; charset=utf-8
host: localhost:12966
accept: */*

Response DefaultHttpResponse(decodeResult: success, version: HTTP/1.1)
HTTP/1.1 200 OK
Content-Length: 88
Content-Type: application/json; charset=utf-8
cache-control: no-cache

[DEBUG] Adding key: http://localhost:12966 for channel [id: 0x86962230, L:/127.0.0.1:61463 - R:localhost/127.0.0.1:12966]
[DEBUG] Using pooled Channel '[id: 0x86962230, L:/127.0.0.1:61463 - R:localhost/127.0.0.1:12966]' for 'GET' to 'http://localhost:12966/session/7063386599e22b62b404525568c1ceee/element/a35b4265-8768-41b0-9170-074c05ebda19/text'
[DEBUG] Using open Channel [id: 0x86962230, L:/127.0.0.1:61463 - R:localhost/127.0.0.1:12966] for GET '/session/7063386599e22b62b404525568c1ceee/element/a35b4265-8768-41b0-9170-074c05ebda19/text'
[DEBUG] 

Request DefaultFullHttpRequest(decodeResult: success, version: HTTP/1.1, content: EmptyByteBufBE)
GET /session/7063386599e22b62b404525568c1ceee/element/a35b4265-8768-41b0-9170-074c05ebda19/text HTTP/1.1
User-Agent: selenium/4.8.3 (java mac)
Cache-Control: no-cache
Content-Type: application/json; charset=utf-8
host: localhost:12966
accept: */*

Response DefaultHttpResponse(decodeResult: success, version: HTTP/1.1)
HTTP/1.1 200 OK
Content-Length: 36
Content-Type: application/json; charset=utf-8
cache-control: no-cache

[DEBUG] Adding key: http://localhost:12966 for channel [id: 0x86962230, L:/127.0.0.1:61463 - R:localhost/127.0.0.1:12966]
]]></system-out>
    <system-err><![CDATA[Starting ChromeDriver 112.0.5615.49 (bd2a7bcb881c11e8cfe3078709382934e3916914-refs/branch-heads/5615@{#936}) on port 4185
Only local connections are allowed.
Please see https://chromedriver.chromium.org/security-considerations for suggestions on keeping ChromeDriver safe.
ChromeDriver was started successfully.
Apr 19, 2023 10:46:27 AM org.openqa.selenium.devtools.CdpVersionFinder findNearestMatch
WARNING: Unable to find an exact match for CDP version 112, so returning the closest version found: 111
Starting ChromeDriver 112.0.5615.49 (bd2a7bcb881c11e8cfe3078709382934e3916914-refs/branch-heads/5615@{#936}) on port 12966
Only local connections are allowed.
Please see https://chromedriver.chromium.org/security-considerations for suggestions on keeping ChromeDriver safe.
ChromeDriver was started successfully.
Apr 19, 2023 10:46:28 AM org.openqa.selenium.devtools.CdpVersionFinder findNearestMatch
WARNING: Unable to find an exact match for CDP version 112, so returning the closest version found: 111
]]></system-err>
  </testcase>
  <testcase name="verifyRediffLoginWithValidUsernameAndValidPassword" classname="com.rediff.qa.testcases.LoginTest" time="5.137"/>
  <testcase name="setup" classname="com.rediff.qa.testcases.LoginTest" time="192.325">
    <failure message="java.util.concurrent.TimeoutException&#10;Build info: version: &apos;4.8.3&apos;, revision: &apos;e5e76298c3&apos;&#10;System info: os.name: &apos;Mac OS X&apos;, os.arch: &apos;x86_64&apos;, os.version: &apos;13.2&apos;, java.version: &apos;20&apos;&#10;Driver info: org.openqa.selenium.chrome.ChromeDriver&#10;Command: [d66d59964f88c3edef99bce992a7d4df, clickElement {id=011218fc-25a1-4b18-897c-cf709b6e8c4d}]&#10;Capabilities {acceptInsecureCerts: false, browserName: chrome, browserVersion: 112.0.5615.121, chrome: {chromedriverVersion: 112.0.5615.49 (bd2a7bcb881c..., userDataDir: /var/folders/0j/z18n982j24d...}, goog:chromeOptions: {debuggerAddress: localhost:61779}, networkConnectionEnabled: false, pageLoadStrategy: normal, platformName: MAC, proxy: Proxy(), se:cdp: ws://localhost:61779/devtoo..., se:cdpVersion: 112.0.5615.121, setWindowRect: true, strictFileInteractability: false, timeouts: {implicit: 0, pageLoad: 300000, script: 30000}, unhandledPromptBehavior: dismiss and notify, webauthn:extension:credBlob: true, webauthn:extension:largeBlob: true, webauthn:extension:minPinLength: true, webauthn:extension:prf: true, webauthn:virtualAuthenticators: true}&#10;Element: [[ChromeDriver: chrome on MAC (d66d59964f88c3edef99bce992a7d4df)] -&gt; class name: signin]&#10;Session ID: d66d59964f88c3edef99bce992a7d4df" type="org.openqa.selenium.TimeoutException">org.openqa.selenium.TimeoutException: 
java.util.concurrent.TimeoutException
Build info: version: '4.8.3', revision: 'e5e76298c3'
System info: os.name: 'Mac OS X', os.arch: 'x86_64', os.version: '13.2', java.version: '20'
Driver info: org.openqa.selenium.chrome.ChromeDriver
Command: [d66d59964f88c3edef99bce992a7d4df, clickElement {id=011218fc-25a1-4b18-897c-cf709b6e8c4d}]
Capabilities {acceptInsecureCerts: false, browserName: chrome, browserVersion: 112.0.5615.121, chrome: {chromedriverVersion: 112.0.5615.49 (bd2a7bcb881c..., userDataDir: /var/folders/0j/z18n982j24d...}, goog:chromeOptions: {debuggerAddress: localhost:61779}, networkConnectionEnabled: false, pageLoadStrategy: normal, platformName: MAC, proxy: Proxy(), se:cdp: ws://localhost:61779/devtoo..., se:cdpVersion: 112.0.5615.121, setWindowRect: true, strictFileInteractability: false, timeouts: {implicit: 0, pageLoad: 300000, script: 30000}, unhandledPromptBehavior: dismiss and notify, webauthn:extension:credBlob: true, webauthn:extension:largeBlob: true, webauthn:extension:minPinLength: true, webauthn:extension:prf: true, webauthn:virtualAuthenticators: true}
Element: [[ChromeDriver: chrome on MAC (d66d59964f88c3edef99bce992a7d4df)] -> class name: signin]
Session ID: d66d59964f88c3edef99bce992a7d4df
	at com.rediff.qa.testcases.LoginTest.setup(LoginTest.java:33)
Caused by: java.util.concurrent.TimeoutException
	at com.rediff.qa.testcases.LoginTest.setup(LoginTest.java:33)
</failure>
    <system-out><![CDATA[[DEBUG] Channel Closed: [id: 0xb6618fb8, L:/127.0.0.1:61595 ! R:localhost/127.0.0.1:61590] with attribute NettyResponseFuture{currentRetry=0,
	isDone=1,
	isCancelled=0,
	asyncHandler=org.asynchttpclient.ws.WebSocketUpgradeHandler@1b63a5c4,
	nettyRequest=org.asynchttpclient.netty.request.NettyRequest@5e6128cc,
	future=java.util.concurrent.CompletableFuture@11c0a3da[Completed normally],
	uri=ws://localhost:61590/devtools/browser/b801de4e-755b-4a5e-a64e-f98ea62c286b,
	keepAlive=true,
	redirectCount=0,
	timeoutsHolder=null,
	inAuth=0,
	touch=1681915601119}
[DEBUG] Closing Channel [id: 0xb6618fb8, L:/127.0.0.1:61595 ! R:localhost/127.0.0.1:61590] 
[DEBUG] Using pooled Channel '[id: 0x6b0cb9e4, L:/127.0.0.1:61587 - R:localhost/127.0.0.1:23055]' for 'DELETE' to 'http://localhost:23055/session/ea9ded7a182b22d7038248087eb50acb'
[DEBUG] Using open Channel [id: 0x6b0cb9e4, L:/127.0.0.1:61587 - R:localhost/127.0.0.1:23055] for DELETE '/session/ea9ded7a182b22d7038248087eb50acb'
[DEBUG] Channel Closed: [id: 0x772bbabd, L:/127.0.0.1:61594 ! R:localhost/127.0.0.1:61590] with attribute DISCARD
[DEBUG] 

Request DefaultFullHttpRequest(decodeResult: success, version: HTTP/1.1, content: EmptyByteBufBE)
DELETE /session/ea9ded7a182b22d7038248087eb50acb HTTP/1.1
User-Agent: selenium/4.8.3 (java mac)
Content-Type: application/json; charset=utf-8
host: localhost:23055
accept: */*

Response DefaultHttpResponse(decodeResult: success, version: HTTP/1.1)
HTTP/1.1 200 OK
Content-Length: 14
Content-Type: application/json; charset=utf-8
cache-control: no-cache

[DEBUG] Adding key: http://localhost:23055 for channel [id: 0x6b0cb9e4, L:/127.0.0.1:61587 - R:localhost/127.0.0.1:23055]
[DEBUG] Channel Closed: [id: 0x6b0cb9e4, L:/127.0.0.1:61587 ! R:localhost/127.0.0.1:23055] with attribute DISCARD
[DEBUG] Entry count for : http://localhost:30008 : 1
[DEBUG] Entry count for : http://localhost:23055 : 1
[DEBUG] Entry count for : http://localhost:61590 : 1
[DEBUG] Entry count for : http://localhost:4185 : 1
[DEBUG] Entry count for : http://localhost:61578 : 1
[DEBUG] Entry count for : http://localhost:61455 : 1
[DEBUG] Adding Candidate expired Channel [id: 0x6b0cb9e4, L:/127.0.0.1:61587 ! R:localhost/127.0.0.1:23055] isIdleTimeoutExpired=false isRemotelyClosed=true isTtlExpired=false
[DEBUG] Closing Idle Channel [id: 0x6b0cb9e4, L:/127.0.0.1:61587 ! R:localhost/127.0.0.1:23055]
[DEBUG] Adding Candidate expired Channel [id: 0x772bbabd, L:/127.0.0.1:61594 ! R:localhost/127.0.0.1:61590] isIdleTimeoutExpired=false isRemotelyClosed=true isTtlExpired=false
[DEBUG] Closing Idle Channel [id: 0x772bbabd, L:/127.0.0.1:61594 ! R:localhost/127.0.0.1:61590]
[DEBUG] Closed 2 connections out of 6 in 0 ms
[DEBUG] Using new Channel '[id: 0xc51163ff, L:/127.0.0.1:61769 - R:localhost/127.0.0.1:15572]' for 'POST' to '/session'
[DEBUG] Entry count for : http://localhost:30008 : 1
[DEBUG] Entry count for : http://localhost:4185 : 1
[DEBUG] Entry count for : http://localhost:61578 : 1
[DEBUG] Entry count for : http://localhost:61455 : 1
[DEBUG] 

Request DefaultHttpRequest(decodeResult: success, version: HTTP/1.1)
POST /session HTTP/1.1
User-Agent: selenium/4.8.3 (java mac)
Content-Length: 439
Content-Type: application/json; charset=utf-8
host: localhost:15572
accept: */*

Response DefaultHttpResponse(decodeResult: success, version: HTTP/1.1)
HTTP/1.1 200 OK
Content-Length: 869
Content-Type: application/json; charset=utf-8
cache-control: no-cache

[DEBUG] Adding key: http://localhost:15572 for channel [id: 0xc51163ff, L:/127.0.0.1:61769 - R:localhost/127.0.0.1:15572]
[DEBUG] Using new Channel '[id: 0x4e8ab39c, L:/127.0.0.1:61774 - R:localhost/127.0.0.1:61770]' for 'GET' to '/json/version'
[DEBUG] 

Request DefaultFullHttpRequest(decodeResult: success, version: HTTP/1.1, content: EmptyByteBufBE)
GET /json/version HTTP/1.1
User-Agent: selenium/4.8.3 (java mac)
host: localhost:61770
accept: */*

Response DefaultHttpResponse(decodeResult: success, version: HTTP/1.1)
HTTP/1.1 200 OK
Content-Security-Policy: frame-ancestors 'none'
Content-Length: 422
Content-Type: application/json; charset=UTF-8

[DEBUG] Adding key: http://localhost:61770 for channel [id: 0x4e8ab39c, L:/127.0.0.1:61774 - R:localhost/127.0.0.1:61770]
[DEBUG] Using new Channel '[id: 0x40e5f6c5, L:/127.0.0.1:61775 - R:localhost/127.0.0.1:61770]' for 'GET' to '/devtools/browser/f29646f5-bd43-41ef-a0cb-cdc235fc28ae'
[DEBUG] 

Request DefaultFullHttpRequest(decodeResult: success, version: HTTP/1.1, content: EmptyByteBufBE)
GET /devtools/browser/f29646f5-bd43-41ef-a0cb-cdc235fc28ae HTTP/1.1
upgrade: websocket
connection: upgrade
sec-websocket-key: G6KD0tSvyDfiCW/k6qOTGA==
sec-websocket-version: 13
origin: http://localhost:61770
host: localhost:61770
accept: */*
user-agent: AHC/2.1

Response DefaultHttpResponse(decodeResult: success, version: HTTP/1.1)
HTTP/1.1 101 WebSocket Protocol Handshake
Upgrade: WebSocket
Connection: Upgrade
Sec-WebSocket-Accept: OC79NkgrMSEEZi44PD6YzNV7dL8=

[DEBUG] Using new Channel '[id: 0x41f2f7c1, L:/127.0.0.1:61777 - R:localhost/127.0.0.1:39836]' for 'POST' to '/session'
[DEBUG] Entry count for : http://localhost:30008 : 1
[DEBUG] Entry count for : http://localhost:61770 : 1
[DEBUG] Entry count for : http://localhost:4185 : 1
[DEBUG] Entry count for : http://localhost:15572 : 1
[DEBUG] Entry count for : http://localhost:61578 : 1
[DEBUG] Entry count for : http://localhost:61455 : 1
[DEBUG] 

Request DefaultHttpRequest(decodeResult: success, version: HTTP/1.1)
POST /session HTTP/1.1
User-Agent: selenium/4.8.3 (java mac)
Content-Length: 439
Content-Type: application/json; charset=utf-8
host: localhost:39836
accept: */*

Response DefaultHttpResponse(decodeResult: success, version: HTTP/1.1)
HTTP/1.1 200 OK
Content-Length: 869
Content-Type: application/json; charset=utf-8
cache-control: no-cache

[DEBUG] Adding key: http://localhost:39836 for channel [id: 0x41f2f7c1, L:/127.0.0.1:61777 - R:localhost/127.0.0.1:39836]
[DEBUG] Using new Channel '[id: 0x2329e396, L:/127.0.0.1:61785 - R:localhost/127.0.0.1:61779]' for 'GET' to '/json/version'
[DEBUG] 

Request DefaultFullHttpRequest(decodeResult: success, version: HTTP/1.1, content: EmptyByteBufBE)
GET /json/version HTTP/1.1
User-Agent: selenium/4.8.3 (java mac)
host: localhost:61779
accept: */*

Response DefaultHttpResponse(decodeResult: success, version: HTTP/1.1)
HTTP/1.1 200 OK
Content-Security-Policy: frame-ancestors 'none'
Content-Length: 422
Content-Type: application/json; charset=UTF-8

[DEBUG] Adding key: http://localhost:61779 for channel [id: 0x2329e396, L:/127.0.0.1:61785 - R:localhost/127.0.0.1:61779]
[DEBUG] Using new Channel '[id: 0x45b5c4a0, L:/127.0.0.1:61786 - R:localhost/127.0.0.1:61779]' for 'GET' to '/devtools/browser/89f031f5-1f4d-4fe9-a7e1-964ad35bac8c'
[DEBUG] 

Request DefaultFullHttpRequest(decodeResult: success, version: HTTP/1.1, content: EmptyByteBufBE)
GET /devtools/browser/89f031f5-1f4d-4fe9-a7e1-964ad35bac8c HTTP/1.1
upgrade: websocket
connection: upgrade
sec-websocket-key: x2KQSESiYodA2DJda54FFw==
sec-websocket-version: 13
origin: http://localhost:61779
host: localhost:61779
accept: */*
user-agent: AHC/2.1

Response DefaultHttpResponse(decodeResult: success, version: HTTP/1.1)
HTTP/1.1 101 WebSocket Protocol Handshake
Upgrade: WebSocket
Connection: Upgrade
Sec-WebSocket-Accept: 8UoPfQvCbcbLVOs+jd7oV3VCxeI=

[DEBUG] Using pooled Channel '[id: 0x41f2f7c1, L:/127.0.0.1:61777 - R:localhost/127.0.0.1:39836]' for 'DELETE' to 'http://localhost:39836/session/d66d59964f88c3edef99bce992a7d4df/cookie'
[DEBUG] Using open Channel [id: 0x41f2f7c1, L:/127.0.0.1:61777 - R:localhost/127.0.0.1:39836] for DELETE '/session/d66d59964f88c3edef99bce992a7d4df/cookie'
[DEBUG] 

Request DefaultFullHttpRequest(decodeResult: success, version: HTTP/1.1, content: EmptyByteBufBE)
DELETE /session/d66d59964f88c3edef99bce992a7d4df/cookie HTTP/1.1
User-Agent: selenium/4.8.3 (java mac)
Content-Type: application/json; charset=utf-8
host: localhost:39836
accept: */*

Response DefaultHttpResponse(decodeResult: success, version: HTTP/1.1)
HTTP/1.1 200 OK
Content-Length: 14
Content-Type: application/json; charset=utf-8
cache-control: no-cache

[DEBUG] Adding key: http://localhost:39836 for channel [id: 0x41f2f7c1, L:/127.0.0.1:61777 - R:localhost/127.0.0.1:39836]
[DEBUG] Using pooled Channel '[id: 0x41f2f7c1, L:/127.0.0.1:61777 - R:localhost/127.0.0.1:39836]' for 'POST' to 'http://localhost:39836/session/d66d59964f88c3edef99bce992a7d4df/timeouts'
[DEBUG] Using open Channel [id: 0x41f2f7c1, L:/127.0.0.1:61777 - R:localhost/127.0.0.1:39836] for POST '/session/d66d59964f88c3edef99bce992a7d4df/timeouts'
[DEBUG] 

Request DefaultHttpRequest(decodeResult: success, version: HTTP/1.1)
POST /session/d66d59964f88c3edef99bce992a7d4df/timeouts HTTP/1.1
User-Agent: selenium/4.8.3 (java mac)
Content-Length: 23
Content-Type: application/json; charset=utf-8
host: localhost:39836
accept: */*

Response DefaultHttpResponse(decodeResult: success, version: HTTP/1.1)
HTTP/1.1 200 OK
Content-Length: 14
Content-Type: application/json; charset=utf-8
cache-control: no-cache

[DEBUG] Adding key: http://localhost:39836 for channel [id: 0x41f2f7c1, L:/127.0.0.1:61777 - R:localhost/127.0.0.1:39836]
[DEBUG] Using pooled Channel '[id: 0x41f2f7c1, L:/127.0.0.1:61777 - R:localhost/127.0.0.1:39836]' for 'POST' to 'http://localhost:39836/session/d66d59964f88c3edef99bce992a7d4df/timeouts'
[DEBUG] Using open Channel [id: 0x41f2f7c1, L:/127.0.0.1:61777 - R:localhost/127.0.0.1:39836] for POST '/session/d66d59964f88c3edef99bce992a7d4df/timeouts'
[DEBUG] 

Request DefaultHttpRequest(decodeResult: success, version: HTTP/1.1)
POST /session/d66d59964f88c3edef99bce992a7d4df/timeouts HTTP/1.1
User-Agent: selenium/4.8.3 (java mac)
Content-Length: 23
Content-Type: application/json; charset=utf-8
host: localhost:39836
accept: */*

Response DefaultHttpResponse(decodeResult: success, version: HTTP/1.1)
HTTP/1.1 200 OK
Content-Length: 14
Content-Type: application/json; charset=utf-8
cache-control: no-cache

[DEBUG] Adding key: http://localhost:39836 for channel [id: 0x41f2f7c1, L:/127.0.0.1:61777 - R:localhost/127.0.0.1:39836]
[DEBUG] Using pooled Channel '[id: 0x41f2f7c1, L:/127.0.0.1:61777 - R:localhost/127.0.0.1:39836]' for 'POST' to 'http://localhost:39836/session/d66d59964f88c3edef99bce992a7d4df/timeouts'
[DEBUG] Using open Channel [id: 0x41f2f7c1, L:/127.0.0.1:61777 - R:localhost/127.0.0.1:39836] for POST '/session/d66d59964f88c3edef99bce992a7d4df/timeouts'
[DEBUG] 

Request DefaultHttpRequest(decodeResult: success, version: HTTP/1.1)
POST /session/d66d59964f88c3edef99bce992a7d4df/timeouts HTTP/1.1
User-Agent: selenium/4.8.3 (java mac)
Content-Length: 22
Content-Type: application/json; charset=utf-8
host: localhost:39836
accept: */*

Response DefaultHttpResponse(decodeResult: success, version: HTTP/1.1)
HTTP/1.1 200 OK
Content-Length: 14
Content-Type: application/json; charset=utf-8
cache-control: no-cache

[DEBUG] Adding key: http://localhost:39836 for channel [id: 0x41f2f7c1, L:/127.0.0.1:61777 - R:localhost/127.0.0.1:39836]
[DEBUG] Using pooled Channel '[id: 0x41f2f7c1, L:/127.0.0.1:61777 - R:localhost/127.0.0.1:39836]' for 'POST' to 'http://localhost:39836/session/d66d59964f88c3edef99bce992a7d4df/url'
[DEBUG] Using open Channel [id: 0x41f2f7c1, L:/127.0.0.1:61777 - R:localhost/127.0.0.1:39836] for POST '/session/d66d59964f88c3edef99bce992a7d4df/url'
[DEBUG] Entry count for : http://localhost:61770 : 1
[DEBUG] Entry count for : http://localhost:4185 : 1
[DEBUG] Entry count for : http://localhost:15572 : 1
[DEBUG] Entry count for : http://localhost:30008 : 1
[DEBUG] Entry count for : http://localhost:61779 : 1
[DEBUG] Entry count for : http://localhost:61578 : 1
[DEBUG] Entry count for : http://localhost:61455 : 1
[DEBUG] Entry count for : http://localhost:61770 : 1
[DEBUG] Entry count for : http://localhost:4185 : 1
[DEBUG] Entry count for : http://localhost:15572 : 1
[DEBUG] Entry count for : http://localhost:30008 : 1
[DEBUG] Entry count for : http://localhost:61779 : 1
[DEBUG] Entry count for : http://localhost:61578 : 1
[DEBUG] Entry count for : http://localhost:61455 : 1
[DEBUG] Entry count for : http://localhost:61770 : 1
[DEBUG] Entry count for : http://localhost:4185 : 1
[DEBUG] Entry count for : http://localhost:15572 : 1
[DEBUG] Entry count for : http://localhost:30008 : 1
[DEBUG] Entry count for : http://localhost:61779 : 1
[DEBUG] Entry count for : http://localhost:61578 : 1
[DEBUG] Entry count for : http://localhost:61455 : 1
[DEBUG] Entry count for : http://localhost:61770 : 1
[DEBUG] Entry count for : http://localhost:4185 : 1
[DEBUG] Entry count for : http://localhost:15572 : 1
[DEBUG] Entry count for : http://localhost:30008 : 1
[DEBUG] Entry count for : http://localhost:61779 : 1
[DEBUG] Entry count for : http://localhost:61578 : 1
[DEBUG] Entry count for : http://localhost:61455 : 1
[DEBUG] 

Request DefaultHttpRequest(decodeResult: success, version: HTTP/1.1)
POST /session/d66d59964f88c3edef99bce992a7d4df/url HTTP/1.1
User-Agent: selenium/4.8.3 (java mac)
Content-Length: 53
Content-Type: application/json; charset=utf-8
host: localhost:39836
accept: */*

Response DefaultHttpResponse(decodeResult: success, version: HTTP/1.1)
HTTP/1.1 200 OK
Content-Length: 14
Content-Type: application/json; charset=utf-8
cache-control: no-cache

[DEBUG] Adding key: http://localhost:39836 for channel [id: 0x41f2f7c1, L:/127.0.0.1:61777 - R:localhost/127.0.0.1:39836]
[DEBUG] Using pooled Channel '[id: 0x41f2f7c1, L:/127.0.0.1:61777 - R:localhost/127.0.0.1:39836]' for 'POST' to 'http://localhost:39836/session/d66d59964f88c3edef99bce992a7d4df/element'
[DEBUG] Using open Channel [id: 0x41f2f7c1, L:/127.0.0.1:61777 - R:localhost/127.0.0.1:39836] for POST '/session/d66d59964f88c3edef99bce992a7d4df/element'
[DEBUG] 

Request DefaultHttpRequest(decodeResult: success, version: HTTP/1.1)
POST /session/d66d59964f88c3edef99bce992a7d4df/element HTTP/1.1
User-Agent: selenium/4.8.3 (java mac)
Content-Length: 51
Content-Type: application/json; charset=utf-8
host: localhost:39836
accept: */*

Response DefaultHttpResponse(decodeResult: success, version: HTTP/1.1)
HTTP/1.1 200 OK
Content-Length: 88
Content-Type: application/json; charset=utf-8
cache-control: no-cache

[DEBUG] Adding key: http://localhost:39836 for channel [id: 0x41f2f7c1, L:/127.0.0.1:61777 - R:localhost/127.0.0.1:39836]
[DEBUG] Using pooled Channel '[id: 0x41f2f7c1, L:/127.0.0.1:61777 - R:localhost/127.0.0.1:39836]' for 'POST' to 'http://localhost:39836/session/d66d59964f88c3edef99bce992a7d4df/element/011218fc-25a1-4b18-897c-cf709b6e8c4d/click'
[DEBUG] Using open Channel [id: 0x41f2f7c1, L:/127.0.0.1:61777 - R:localhost/127.0.0.1:39836] for POST '/session/d66d59964f88c3edef99bce992a7d4df/element/011218fc-25a1-4b18-897c-cf709b6e8c4d/click'
[DEBUG] Entry count for : http://localhost:61770 : 1
[DEBUG] Entry count for : http://localhost:4185 : 1
[DEBUG] Entry count for : http://localhost:15572 : 1
[DEBUG] Entry count for : http://localhost:30008 : 1
[DEBUG] Entry count for : http://localhost:61779 : 1
[DEBUG] Entry count for : http://localhost:61578 : 1
[DEBUG] Entry count for : http://localhost:61455 : 1
[DEBUG] Entry count for : http://localhost:61770 : 1
[DEBUG] Entry count for : http://localhost:4185 : 1
[DEBUG] Entry count for : http://localhost:15572 : 1
[DEBUG] Entry count for : http://localhost:30008 : 1
[DEBUG] Entry count for : http://localhost:61779 : 1
[DEBUG] Entry count for : http://localhost:61578 : 1
[DEBUG] Entry count for : http://localhost:61455 : 1
[DEBUG] Entry count for : http://localhost:61770 : 1
[DEBUG] Entry count for : http://localhost:4185 : 1
[DEBUG] Entry count for : http://localhost:15572 : 1
[DEBUG] Entry count for : http://localhost:30008 : 1
[DEBUG] Entry count for : http://localhost:61779 : 1
[DEBUG] Entry count for : http://localhost:61578 : 1
[DEBUG] Entry count for : http://localhost:61455 : 1
[DEBUG] Entry count for : http://localhost:61770 : 1
[DEBUG] Entry count for : http://localhost:4185 : 1
[DEBUG] Entry count for : http://localhost:15572 : 1
[DEBUG] Entry count for : http://localhost:30008 : 1
[DEBUG] Entry count for : http://localhost:61779 : 1
[DEBUG] Entry count for : http://localhost:61578 : 1
[DEBUG] Entry count for : http://localhost:61455 : 1
[DEBUG] Entry count for : http://localhost:61770 : 1
[DEBUG] Entry count for : http://localhost:4185 : 1
[DEBUG] Entry count for : http://localhost:15572 : 1
[DEBUG] Entry count for : http://localhost:30008 : 1
[DEBUG] Entry count for : http://localhost:61779 : 1
[DEBUG] Entry count for : http://localhost:61578 : 1
[DEBUG] Entry count for : http://localhost:61455 : 1
[DEBUG] Entry count for : http://localhost:61770 : 1
[DEBUG] Entry count for : http://localhost:4185 : 1
[DEBUG] Entry count for : http://localhost:15572 : 1
[DEBUG] Entry count for : http://localhost:30008 : 1
[DEBUG] Entry count for : http://localhost:61779 : 1
[DEBUG] Entry count for : http://localhost:61578 : 1
[DEBUG] Entry count for : http://localhost:61455 : 1
[DEBUG] Entry count for : http://localhost:61770 : 1
[DEBUG] Entry count for : http://localhost:4185 : 1
[DEBUG] Entry count for : http://localhost:15572 : 1
[DEBUG] Entry count for : http://localhost:30008 : 1
[DEBUG] Entry count for : http://localhost:61779 : 1
[DEBUG] Entry count for : http://localhost:61578 : 1
[DEBUG] Entry count for : http://localhost:61455 : 1
[DEBUG] Entry count for : http://localhost:61770 : 1
[DEBUG] Entry count for : http://localhost:4185 : 1
[DEBUG] Entry count for : http://localhost:15572 : 1
[DEBUG] Entry count for : http://localhost:30008 : 1
[DEBUG] Entry count for : http://localhost:61779 : 1
[DEBUG] Entry count for : http://localhost:61578 : 1
[DEBUG] Entry count for : http://localhost:61455 : 1
[DEBUG] Entry count for : http://localhost:61770 : 1
[DEBUG] Entry count for : http://localhost:4185 : 1
[DEBUG] Entry count for : http://localhost:15572 : 1
[DEBUG] Entry count for : http://localhost:30008 : 1
[DEBUG] Entry count for : http://localhost:61779 : 1
[DEBUG] Entry count for : http://localhost:61578 : 1
[DEBUG] Entry count for : http://localhost:61455 : 1
[DEBUG] Entry count for : http://localhost:61770 : 1
[DEBUG] Entry count for : http://localhost:4185 : 1
[DEBUG] Entry count for : http://localhost:15572 : 1
[DEBUG] Entry count for : http://localhost:30008 : 1
[DEBUG] Entry count for : http://localhost:61779 : 1
[DEBUG] Entry count for : http://localhost:61578 : 1
[DEBUG] Entry count for : http://localhost:61455 : 1
[DEBUG] Entry count for : http://localhost:61770 : 1
[DEBUG] Entry count for : http://localhost:4185 : 1
[DEBUG] Entry count for : http://localhost:15572 : 1
[DEBUG] Entry count for : http://localhost:30008 : 1
[DEBUG] Entry count for : http://localhost:61779 : 1
[DEBUG] Entry count for : http://localhost:61578 : 1
[DEBUG] Entry count for : http://localhost:61455 : 1
[DEBUG] Entry count for : http://localhost:61770 : 1
[DEBUG] Entry count for : http://localhost:4185 : 1
[DEBUG] Entry count for : http://localhost:15572 : 1
[DEBUG] Entry count for : http://localhost:30008 : 1
[DEBUG] Entry count for : http://localhost:61779 : 1
[DEBUG] Entry count for : http://localhost:61578 : 1
[DEBUG] Entry count for : http://localhost:61455 : 1
[DEBUG] Entry count for : http://localhost:61770 : 1
[DEBUG] Entry count for : http://localhost:4185 : 1
[DEBUG] Entry count for : http://localhost:15572 : 1
[DEBUG] Entry count for : http://localhost:30008 : 1
[DEBUG] Entry count for : http://localhost:61779 : 1
[DEBUG] Entry count for : http://localhost:61578 : 1
[DEBUG] Entry count for : http://localhost:61455 : 1
[DEBUG] Entry count for : http://localhost:61770 : 1
[DEBUG] Entry count for : http://localhost:4185 : 1
[DEBUG] Entry count for : http://localhost:15572 : 1
[DEBUG] Entry count for : http://localhost:30008 : 1
[DEBUG] Entry count for : http://localhost:61779 : 1
[DEBUG] Entry count for : http://localhost:61578 : 1
[DEBUG] Entry count for : http://localhost:61455 : 1
[DEBUG] Entry count for : http://localhost:61770 : 1
[DEBUG] Entry count for : http://localhost:4185 : 1
[DEBUG] Entry count for : http://localhost:15572 : 1
[DEBUG] Entry count for : http://localhost:30008 : 1
[DEBUG] Entry count for : http://localhost:61779 : 1
[DEBUG] Entry count for : http://localhost:61578 : 1
[DEBUG] Entry count for : http://localhost:61455 : 1
[DEBUG] Entry count for : http://localhost:61770 : 1
[DEBUG] Entry count for : http://localhost:4185 : 1
[DEBUG] Entry count for : http://localhost:15572 : 1
[DEBUG] Entry count for : http://localhost:30008 : 1
[DEBUG] Entry count for : http://localhost:61779 : 1
[DEBUG] Entry count for : http://localhost:61578 : 1
[DEBUG] Entry count for : http://localhost:61455 : 1
[DEBUG] Entry count for : http://localhost:61770 : 1
[DEBUG] Entry count for : http://localhost:4185 : 1
[DEBUG] Entry count for : http://localhost:15572 : 1
[DEBUG] Entry count for : http://localhost:30008 : 1
[DEBUG] Entry count for : http://localhost:61779 : 1
[DEBUG] Entry count for : http://localhost:61578 : 1
[DEBUG] Entry count for : http://localhost:61455 : 1
[DEBUG] Entry count for : http://localhost:61770 : 1
[DEBUG] Entry count for : http://localhost:4185 : 1
[DEBUG] Entry count for : http://localhost:15572 : 1
[DEBUG] Entry count for : http://localhost:30008 : 1
[DEBUG] Entry count for : http://localhost:61779 : 1
[DEBUG] Entry count for : http://localhost:61578 : 1
[DEBUG] Entry count for : http://localhost:61455 : 1
[DEBUG] Entry count for : http://localhost:61770 : 1
[DEBUG] Entry count for : http://localhost:4185 : 1
[DEBUG] Entry count for : http://localhost:15572 : 1
[DEBUG] Entry count for : http://localhost:30008 : 1
[DEBUG] Entry count for : http://localhost:61779 : 1
[DEBUG] Entry count for : http://localhost:61578 : 1
[DEBUG] Entry count for : http://localhost:61455 : 1
[DEBUG] Entry count for : http://localhost:61770 : 1
[DEBUG] Entry count for : http://localhost:4185 : 1
[DEBUG] Entry count for : http://localhost:15572 : 1
[DEBUG] Entry count for : http://localhost:30008 : 1
[DEBUG] Entry count for : http://localhost:61779 : 1
[DEBUG] Entry count for : http://localhost:61578 : 1
[DEBUG] Entry count for : http://localhost:61455 : 1
[DEBUG] Entry count for : http://localhost:61770 : 1
[DEBUG] Entry count for : http://localhost:4185 : 1
[DEBUG] Entry count for : http://localhost:15572 : 1
[DEBUG] Entry count for : http://localhost:30008 : 1
[DEBUG] Entry count for : http://localhost:61779 : 1
[DEBUG] Entry count for : http://localhost:61578 : 1
[DEBUG] Entry count for : http://localhost:61455 : 1
[DEBUG] Entry count for : http://localhost:61770 : 1
[DEBUG] Entry count for : http://localhost:4185 : 1
[DEBUG] Entry count for : http://localhost:15572 : 1
[DEBUG] Entry count for : http://localhost:30008 : 1
[DEBUG] Entry count for : http://localhost:61779 : 1
[DEBUG] Entry count for : http://localhost:61578 : 1
[DEBUG] Entry count for : http://localhost:61455 : 1
[DEBUG] Entry count for : http://localhost:61770 : 1
[DEBUG] Entry count for : http://localhost:4185 : 1
[DEBUG] Entry count for : http://localhost:15572 : 1
[DEBUG] Entry count for : http://localhost:30008 : 1
[DEBUG] Entry count for : http://localhost:61779 : 1
[DEBUG] Entry count for : http://localhost:61578 : 1
[DEBUG] Entry count for : http://localhost:61455 : 1
[DEBUG] Entry count for : http://localhost:61770 : 1
[DEBUG] Entry count for : http://localhost:4185 : 1
[DEBUG] Entry count for : http://localhost:15572 : 1
[DEBUG] Entry count for : http://localhost:30008 : 1
[DEBUG] Entry count for : http://localhost:61779 : 1
[DEBUG] Entry count for : http://localhost:61578 : 1
[DEBUG] Entry count for : http://localhost:61455 : 1
[DEBUG] Entry count for : http://localhost:61770 : 1
[DEBUG] Entry count for : http://localhost:4185 : 1
[DEBUG] Entry count for : http://localhost:15572 : 1
[DEBUG] Entry count for : http://localhost:30008 : 1
[DEBUG] Entry count for : http://localhost:61779 : 1
[DEBUG] Entry count for : http://localhost:61578 : 1
[DEBUG] Entry count for : http://localhost:61455 : 1
[DEBUG] Entry count for : http://localhost:61770 : 1
[DEBUG] Entry count for : http://localhost:4185 : 1
[DEBUG] Entry count for : http://localhost:15572 : 1
[DEBUG] Entry count for : http://localhost:30008 : 1
[DEBUG] Entry count for : http://localhost:61779 : 1
[DEBUG] Entry count for : http://localhost:61578 : 1
[DEBUG] Entry count for : http://localhost:61455 : 1
[DEBUG] Adding Candidate expired Channel [id: 0x32589a0b, L:/127.0.0.1:61454 - R:localhost/127.0.0.1:4185] isIdleTimeoutExpired=true isRemotelyClosed=false isTtlExpired=false
[DEBUG] Closing Idle Channel [id: 0x32589a0b, L:/127.0.0.1:61454 - R:localhost/127.0.0.1:4185]
[DEBUG] Adding Candidate expired Channel [id: 0xdc394800, L:/127.0.0.1:61459 - R:localhost/127.0.0.1:61455] isIdleTimeoutExpired=true isRemotelyClosed=false isTtlExpired=false
[DEBUG] Closing Idle Channel [id: 0xdc394800, L:/127.0.0.1:61459 - R:localhost/127.0.0.1:61455]
[DEBUG] Closed 2 connections out of 7 in 0 ms
[DEBUG] Channel Closed: [id: 0xdc394800, L:/127.0.0.1:61459 ! R:localhost/127.0.0.1:61455] with attribute DISCARD
[DEBUG] Channel Closed: [id: 0x32589a0b, L:/127.0.0.1:61454 ! R:localhost/127.0.0.1:4185] with attribute DISCARD
[DEBUG] Entry count for : http://localhost:61770 : 1
[DEBUG] Entry count for : http://localhost:15572 : 1
[DEBUG] Entry count for : http://localhost:30008 : 1
[DEBUG] Entry count for : http://localhost:61779 : 1
[DEBUG] Entry count for : http://localhost:61578 : 1
[DEBUG] Entry count for : http://localhost:61770 : 1
[DEBUG] Entry count for : http://localhost:15572 : 1
[DEBUG] Entry count for : http://localhost:30008 : 1
[DEBUG] Entry count for : http://localhost:61779 : 1
[DEBUG] Entry count for : http://localhost:61578 : 1
[DEBUG] Entry count for : http://localhost:61770 : 1
[DEBUG] Entry count for : http://localhost:15572 : 1
[DEBUG] Entry count for : http://localhost:30008 : 1
[DEBUG] Entry count for : http://localhost:61779 : 1
[DEBUG] Entry count for : http://localhost:61578 : 1
[DEBUG] Entry count for : http://localhost:61770 : 1
[DEBUG] Entry count for : http://localhost:15572 : 1
[DEBUG] Entry count for : http://localhost:30008 : 1
[DEBUG] Entry count for : http://localhost:61779 : 1
[DEBUG] Entry count for : http://localhost:61578 : 1
[DEBUG] Entry count for : http://localhost:61770 : 1
[DEBUG] Entry count for : http://localhost:15572 : 1
[DEBUG] Entry count for : http://localhost:30008 : 1
[DEBUG] Entry count for : http://localhost:61779 : 1
[DEBUG] Entry count for : http://localhost:61578 : 1
[DEBUG] Entry count for : http://localhost:61770 : 1
[DEBUG] Entry count for : http://localhost:15572 : 1
[DEBUG] Entry count for : http://localhost:30008 : 1
[DEBUG] Entry count for : http://localhost:61779 : 1
[DEBUG] Entry count for : http://localhost:61578 : 1
[DEBUG] Entry count for : http://localhost:61770 : 1
[DEBUG] Entry count for : http://localhost:15572 : 1
[DEBUG] Entry count for : http://localhost:30008 : 1
[DEBUG] Entry count for : http://localhost:61779 : 1
[DEBUG] Entry count for : http://localhost:61578 : 1
[DEBUG] Entry count for : http://localhost:61770 : 1
[DEBUG] Entry count for : http://localhost:15572 : 1
[DEBUG] Entry count for : http://localhost:30008 : 1
[DEBUG] Entry count for : http://localhost:61779 : 1
[DEBUG] Entry count for : http://localhost:61578 : 1
[DEBUG] Entry count for : http://localhost:61770 : 1
[DEBUG] Entry count for : http://localhost:15572 : 1
[DEBUG] Entry count for : http://localhost:30008 : 1
[DEBUG] Entry count for : http://localhost:61779 : 1
[DEBUG] Entry count for : http://localhost:61578 : 1
[DEBUG] Entry count for : http://localhost:61770 : 1
[DEBUG] Entry count for : http://localhost:15572 : 1
[DEBUG] Entry count for : http://localhost:30008 : 1
[DEBUG] Entry count for : http://localhost:61779 : 1
[DEBUG] Entry count for : http://localhost:61578 : 1
[DEBUG] Entry count for : http://localhost:61770 : 1
[DEBUG] Entry count for : http://localhost:15572 : 1
[DEBUG] Entry count for : http://localhost:30008 : 1
[DEBUG] Entry count for : http://localhost:61779 : 1
[DEBUG] Entry count for : http://localhost:61578 : 1
[DEBUG] Adding Candidate expired Channel [id: 0xbd1f6a1a, L:/127.0.0.1:61576 - R:localhost/127.0.0.1:30008] isIdleTimeoutExpired=true isRemotelyClosed=false isTtlExpired=false
[DEBUG] Closing Idle Channel [id: 0xbd1f6a1a, L:/127.0.0.1:61576 - R:localhost/127.0.0.1:30008]
[DEBUG] Adding Candidate expired Channel [id: 0x521e33c7, L:/127.0.0.1:61583 - R:localhost/127.0.0.1:61578] isIdleTimeoutExpired=true isRemotelyClosed=false isTtlExpired=false
[DEBUG] Closing Idle Channel [id: 0x521e33c7, L:/127.0.0.1:61583 - R:localhost/127.0.0.1:61578]
[DEBUG] Closed 2 connections out of 5 in 0 ms
[DEBUG] Channel Closed: [id: 0x521e33c7, L:/127.0.0.1:61583 ! R:localhost/127.0.0.1:61578] with attribute DISCARD
[DEBUG] Channel Closed: [id: 0xbd1f6a1a, L:/127.0.0.1:61576 ! R:localhost/127.0.0.1:30008] with attribute DISCARD
[DEBUG] Entry count for : http://localhost:61770 : 1
[DEBUG] Entry count for : http://localhost:15572 : 1
[DEBUG] Entry count for : http://localhost:61779 : 1
[DEBUG] Entry count for : http://localhost:61770 : 1
[DEBUG] Entry count for : http://localhost:15572 : 1
[DEBUG] Entry count for : http://localhost:61779 : 1
[DEBUG] Entry count for : http://localhost:61770 : 1
[DEBUG] Entry count for : http://localhost:15572 : 1
[DEBUG] Entry count for : http://localhost:61779 : 1
[DEBUG] Entry count for : http://localhost:61770 : 1
[DEBUG] Entry count for : http://localhost:15572 : 1
[DEBUG] Entry count for : http://localhost:61779 : 1
[DEBUG] Entry count for : http://localhost:61770 : 1
[DEBUG] Entry count for : http://localhost:15572 : 1
[DEBUG] Entry count for : http://localhost:61779 : 1
[DEBUG] Entry count for : http://localhost:61770 : 1
[DEBUG] Entry count for : http://localhost:15572 : 1
[DEBUG] Entry count for : http://localhost:61779 : 1
[DEBUG] Entry count for : http://localhost:61770 : 1
[DEBUG] Entry count for : http://localhost:15572 : 1
[DEBUG] Entry count for : http://localhost:61779 : 1
[DEBUG] Entry count for : http://localhost:61770 : 1
[DEBUG] Entry count for : http://localhost:15572 : 1
[DEBUG] Entry count for : http://localhost:61779 : 1
[DEBUG] Entry count for : http://localhost:61770 : 1
[DEBUG] Entry count for : http://localhost:15572 : 1
[DEBUG] Entry count for : http://localhost:61779 : 1
[DEBUG] Entry count for : http://localhost:61770 : 1
[DEBUG] Entry count for : http://localhost:15572 : 1
[DEBUG] Entry count for : http://localhost:61779 : 1
[DEBUG] Entry count for : http://localhost:61770 : 1
[DEBUG] Entry count for : http://localhost:15572 : 1
[DEBUG] Entry count for : http://localhost:61779 : 1
[DEBUG] Entry count for : http://localhost:61770 : 1
[DEBUG] Entry count for : http://localhost:15572 : 1
[DEBUG] Entry count for : http://localhost:61779 : 1
[DEBUG] Entry count for : http://localhost:61770 : 1
[DEBUG] Entry count for : http://localhost:15572 : 1
[DEBUG] Entry count for : http://localhost:61779 : 1
[DEBUG] Adding Candidate expired Channel [id: 0x4e8ab39c, L:/127.0.0.1:61774 - R:localhost/127.0.0.1:61770] isIdleTimeoutExpired=true isRemotelyClosed=false isTtlExpired=false
[DEBUG] Closing Idle Channel [id: 0x4e8ab39c, L:/127.0.0.1:61774 - R:localhost/127.0.0.1:61770]
[DEBUG] Adding Candidate expired Channel [id: 0xc51163ff, L:/127.0.0.1:61769 - R:localhost/127.0.0.1:15572] isIdleTimeoutExpired=true isRemotelyClosed=false isTtlExpired=false
[DEBUG] Closing Idle Channel [id: 0xc51163ff, L:/127.0.0.1:61769 - R:localhost/127.0.0.1:15572]
[DEBUG] Closed 2 connections out of 3 in 0 ms
[DEBUG] Channel Closed: [id: 0x4e8ab39c, L:/127.0.0.1:61774 ! R:localhost/127.0.0.1:61770] with attribute DISCARD
[DEBUG] Channel Closed: [id: 0xc51163ff, L:/127.0.0.1:61769 ! R:localhost/127.0.0.1:15572] with attribute DISCARD
[DEBUG] Entry count for : http://localhost:61779 : 1
[DEBUG] Entry count for : http://localhost:61779 : 1
[DEBUG] Adding Candidate expired Channel [id: 0x2329e396, L:/127.0.0.1:61785 - R:localhost/127.0.0.1:61779] isIdleTimeoutExpired=true isRemotelyClosed=false isTtlExpired=false
[DEBUG] Closing Idle Channel [id: 0x2329e396, L:/127.0.0.1:61785 - R:localhost/127.0.0.1:61779]
[DEBUG] Closed 1 connections out of 1 in 0 ms
[DEBUG] Channel Closed: [id: 0x2329e396, L:/127.0.0.1:61785 ! R:localhost/127.0.0.1:61779] with attribute DISCARD
]]></system-out>
    <system-err><![CDATA[Starting ChromeDriver 112.0.5615.49 (bd2a7bcb881c11e8cfe3078709382934e3916914-refs/branch-heads/5615@{#936}) on port 15572
Only local connections are allowed.
Please see https://chromedriver.chromium.org/security-considerations for suggestions on keeping ChromeDriver safe.
ChromeDriver was started successfully.
Apr 19, 2023 10:46:54 AM org.openqa.selenium.devtools.CdpVersionFinder findNearestMatch
WARNING: Unable to find an exact match for CDP version 112, so returning the closest version found: 111
Starting ChromeDriver 112.0.5615.49 (bd2a7bcb881c11e8cfe3078709382934e3916914-refs/branch-heads/5615@{#936}) on port 39836
Only local connections are allowed.
Please see https://chromedriver.chromium.org/security-considerations for suggestions on keeping ChromeDriver safe.
ChromeDriver was started successfully.
Apr 19, 2023 10:46:56 AM org.openqa.selenium.devtools.CdpVersionFinder findNearestMatch
WARNING: Unable to find an exact match for CDP version 112, so returning the closest version found: 111
]]></system-err>
  </testcase>
  <testcase name="setup" classname="com.rediff.qa.testcases.LoginTest" time="0">
    <skipped/>
  </testcase>
  <testcase name="setup" classname="com.rediff.qa.testcases.LoginTest" time="0">
    <skipped/>
  </testcase>
  <testcase name="setup" classname="com.rediff.qa.testcases.LoginTest" time="0">
    <skipped/>
  </testcase>
  <testcase name="setup" classname="com.rediff.qa.testcases.LoginTest" time="0">
    <skipped/>
  </testcase>
  <testcase name="verifyRediffLoginWithInvalidUsernameAndInvalidPassword" classname="com.rediff.qa.testcases.LoginTest" time="0">
    <skipped message="java.util.concurrent.TimeoutException&#10;Build info: version: &apos;4.8.3&apos;, revision: &apos;e5e76298c3&apos;&#10;System info: os.name: &apos;Mac OS X&apos;, os.arch: &apos;x86_64&apos;, os.version: &apos;13.2&apos;, java.version: &apos;20&apos;&#10;Driver info: org.openqa.selenium.chrome.ChromeDriver&#10;Command: [d66d59964f88c3edef99bce992a7d4df, clickElement {id=011218fc-25a1-4b18-897c-cf709b6e8c4d}]&#10;Capabilities {acceptInsecureCerts: false, browserName: chrome, browserVersion: 112.0.5615.121, chrome: {chromedriverVersion: 112.0.5615.49 (bd2a7bcb881c..., userDataDir: /var/folders/0j/z18n982j24d...}, goog:chromeOptions: {debuggerAddress: localhost:61779}, networkConnectionEnabled: false, pageLoadStrategy: normal, platformName: MAC, proxy: Proxy(), se:cdp: ws://localhost:61779/devtoo..., se:cdpVersion: 112.0.5615.121, setWindowRect: true, strictFileInteractability: false, timeouts: {implicit: 0, pageLoad: 300000, script: 30000}, unhandledPromptBehavior: dismiss and notify, webauthn:extension:credBlob: true, webauthn:extension:largeBlob: true, webauthn:extension:minPinLength: true, webauthn:extension:prf: true, webauthn:virtualAuthenticators: true}&#10;Element: [[ChromeDriver: chrome on MAC (d66d59964f88c3edef99bce992a7d4df)] -&gt; class name: signin]&#10;Session ID: d66d59964f88c3edef99bce992a7d4df"/>
  </testcase>
  <testcase name="tearDown" classname="com.rediff.qa.testcases.LoginTest" time="0">
    <skipped/>
  </testcase>
  <testcase name="tearDown" classname="com.rediff.qa.testcases.LoginTest" time="0">
    <skipped/>
  </testcase>
  <testcase name="tearDown" classname="com.rediff.qa.testcases.LoginTest" time="0">
    <skipped/>
  </testcase>
  <testcase name="tearDown" classname="com.rediff.qa.testcases.LoginTest" time="0">
    <skipped/>
  </testcase>
  <testcase name="tearDown" classname="com.rediff.qa.testcases.LoginTest" time="0">
    <skipped/>
  </testcase>
  <testcase name="verifyRediffLoginWithValidUsernameAndInvalidPassword" classname="com.rediff.qa.testcases.LoginTest" time="0">
    <skipped message="java.util.concurrent.TimeoutException&#10;Build info: version: &apos;4.8.3&apos;, revision: &apos;e5e76298c3&apos;&#10;System info: os.name: &apos;Mac OS X&apos;, os.arch: &apos;x86_64&apos;, os.version: &apos;13.2&apos;, java.version: &apos;20&apos;&#10;Driver info: org.openqa.selenium.chrome.ChromeDriver&#10;Command: [d66d59964f88c3edef99bce992a7d4df, clickElement {id=011218fc-25a1-4b18-897c-cf709b6e8c4d}]&#10;Capabilities {acceptInsecureCerts: false, browserName: chrome, browserVersion: 112.0.5615.121, chrome: {chromedriverVersion: 112.0.5615.49 (bd2a7bcb881c..., userDataDir: /var/folders/0j/z18n982j24d...}, goog:chromeOptions: {debuggerAddress: localhost:61779}, networkConnectionEnabled: false, pageLoadStrategy: normal, platformName: MAC, proxy: Proxy(), se:cdp: ws://localhost:61779/devtoo..., se:cdpVersion: 112.0.5615.121, setWindowRect: true, strictFileInteractability: false, timeouts: {implicit: 0, pageLoad: 300000, script: 30000}, unhandledPromptBehavior: dismiss and notify, webauthn:extension:credBlob: true, webauthn:extension:largeBlob: true, webauthn:extension:minPinLength: true, webauthn:extension:prf: true, webauthn:virtualAuthenticators: true}&#10;Element: [[ChromeDriver: chrome on MAC (d66d59964f88c3edef99bce992a7d4df)] -&gt; class name: signin]&#10;Session ID: d66d59964f88c3edef99bce992a7d4df"/>
  </testcase>
  <testcase name="verifyRediffLoginWithEmptyUsernameAndValidPassword" classname="com.rediff.qa.testcases.LoginTest" time="0">
    <skipped message="java.util.concurrent.TimeoutException&#10;Build info: version: &apos;4.8.3&apos;, revision: &apos;e5e76298c3&apos;&#10;System info: os.name: &apos;Mac OS X&apos;, os.arch: &apos;x86_64&apos;, os.version: &apos;13.2&apos;, java.version: &apos;20&apos;&#10;Driver info: org.openqa.selenium.chrome.ChromeDriver&#10;Command: [d66d59964f88c3edef99bce992a7d4df, clickElement {id=011218fc-25a1-4b18-897c-cf709b6e8c4d}]&#10;Capabilities {acceptInsecureCerts: false, browserName: chrome, browserVersion: 112.0.5615.121, chrome: {chromedriverVersion: 112.0.5615.49 (bd2a7bcb881c..., userDataDir: /var/folders/0j/z18n982j24d...}, goog:chromeOptions: {debuggerAddress: localhost:61779}, networkConnectionEnabled: false, pageLoadStrategy: normal, platformName: MAC, proxy: Proxy(), se:cdp: ws://localhost:61779/devtoo..., se:cdpVersion: 112.0.5615.121, setWindowRect: true, strictFileInteractability: false, timeouts: {implicit: 0, pageLoad: 300000, script: 30000}, unhandledPromptBehavior: dismiss and notify, webauthn:extension:credBlob: true, webauthn:extension:largeBlob: true, webauthn:extension:minPinLength: true, webauthn:extension:prf: true, webauthn:virtualAuthenticators: true}&#10;Element: [[ChromeDriver: chrome on MAC (d66d59964f88c3edef99bce992a7d4df)] -&gt; class name: signin]&#10;Session ID: d66d59964f88c3edef99bce992a7d4df"/>
  </testcase>
  <testcase name="verifyRediffLoginWithCorrectUsernameAndEmptyPassword" classname="com.rediff.qa.testcases.LoginTest" time="0">
    <skipped message="java.util.concurrent.TimeoutException&#10;Build info: version: &apos;4.8.3&apos;, revision: &apos;e5e76298c3&apos;&#10;System info: os.name: &apos;Mac OS X&apos;, os.arch: &apos;x86_64&apos;, os.version: &apos;13.2&apos;, java.version: &apos;20&apos;&#10;Driver info: org.openqa.selenium.chrome.ChromeDriver&#10;Command: [d66d59964f88c3edef99bce992a7d4df, clickElement {id=011218fc-25a1-4b18-897c-cf709b6e8c4d}]&#10;Capabilities {acceptInsecureCerts: false, browserName: chrome, browserVersion: 112.0.5615.121, chrome: {chromedriverVersion: 112.0.5615.49 (bd2a7bcb881c..., userDataDir: /var/folders/0j/z18n982j24d...}, goog:chromeOptions: {debuggerAddress: localhost:61779}, networkConnectionEnabled: false, pageLoadStrategy: normal, platformName: MAC, proxy: Proxy(), se:cdp: ws://localhost:61779/devtoo..., se:cdpVersion: 112.0.5615.121, setWindowRect: true, strictFileInteractability: false, timeouts: {implicit: 0, pageLoad: 300000, script: 30000}, unhandledPromptBehavior: dismiss and notify, webauthn:extension:credBlob: true, webauthn:extension:largeBlob: true, webauthn:extension:minPinLength: true, webauthn:extension:prf: true, webauthn:virtualAuthenticators: true}&#10;Element: [[ChromeDriver: chrome on MAC (d66d59964f88c3edef99bce992a7d4df)] -&gt; class name: signin]&#10;Session ID: d66d59964f88c3edef99bce992a7d4df"/>
  </testcase>
  <testcase name="verifyRediffLoginWithEmptyUsernameAndEmptyPassword" classname="com.rediff.qa.testcases.LoginTest" time="0">
    <skipped message="java.util.concurrent.TimeoutException&#10;Build info: version: &apos;4.8.3&apos;, revision: &apos;e5e76298c3&apos;&#10;System info: os.name: &apos;Mac OS X&apos;, os.arch: &apos;x86_64&apos;, os.version: &apos;13.2&apos;, java.version: &apos;20&apos;&#10;Driver info: org.openqa.selenium.chrome.ChromeDriver&#10;Command: [d66d59964f88c3edef99bce992a7d4df, clickElement {id=011218fc-25a1-4b18-897c-cf709b6e8c4d}]&#10;Capabilities {acceptInsecureCerts: false, browserName: chrome, browserVersion: 112.0.5615.121, chrome: {chromedriverVersion: 112.0.5615.49 (bd2a7bcb881c..., userDataDir: /var/folders/0j/z18n982j24d...}, goog:chromeOptions: {debuggerAddress: localhost:61779}, networkConnectionEnabled: false, pageLoadStrategy: normal, platformName: MAC, proxy: Proxy(), se:cdp: ws://localhost:61779/devtoo..., se:cdpVersion: 112.0.5615.121, setWindowRect: true, strictFileInteractability: false, timeouts: {implicit: 0, pageLoad: 300000, script: 30000}, unhandledPromptBehavior: dismiss and notify, webauthn:extension:credBlob: true, webauthn:extension:largeBlob: true, webauthn:extension:minPinLength: true, webauthn:extension:prf: true, webauthn:virtualAuthenticators: true}&#10;Element: [[ChromeDriver: chrome on MAC (d66d59964f88c3edef99bce992a7d4df)] -&gt; class name: signin]&#10;Session ID: d66d59964f88c3edef99bce992a7d4df"/>
  </testcase>
</testsuite>