<?xml version="1.0" encoding="UTF-8"?>
<!-- Generated by org.testng.reporters.JUnitReportReporter -->
<testsuite skipped="1" hostname="Abderrahmens-MacBook-Pro.local" name="com.rediff.qa.trial.TutorialsNinjaClassDataProvider" tests="1" failures="0" timestamp="19 Apr 2023 05:04:46 GMT" time="0.000" errors="0">
  <testcase name="gettoLogInString" time="0.000" classname="com.rediff.qa.trial.TutorialsNinjaClassDataProvider">
    <skipped/>
  </testcase> <!-- gettoLogInString -->
</testsuite> <!-- com.rediff.qa.trial.TutorialsNinjaClassDataProvider -->
